[2025-06-30 12:40:14]  29 root - INFO - Starting stock data collection process
[2025-06-30 12:40:14]  36 root - INFO - Reading Excel file from: C:\Users\katch\Desktop\projects\stock_portfolio\notebooks\Data\processed_data\stock_list.xlsx
[2025-06-30 12:40:14]  49 root - INFO - Found 47 stock symbols in Excel file
[2025-06-30 12:40:14]  54 root - INFO - Total symbols to download: 53
[2025-06-30 12:40:14]  59 root - INFO - Downloading data from 2020-07-01 to 2025-06-30
[2025-06-30 12:40:14]  62 root - INFO - Downloading stock data from Yahoo Finance...
[2025-06-30 12:40:16]  70 root - INFO - Processing downloaded data...
[2025-06-30 12:40:16]  92 root - INFO - Saving data to CSV: C:\Users\katch\Desktop\projects\stock_portfolio\notebooks\Data\processed_data\stock_price_data.csv
[2025-06-30 12:40:16]  95 root - INFO - Data collection completed successfully. CSV saved to: C:\Users\katch\Desktop\projects\stock_portfolio\notebooks\Data\processed_data\stock_price_data.csv
[2025-06-30 12:40:16]  96 root - INFO - Total records: 60711
[2025-06-30 12:40:16]  97 root - INFO - Unique tickers: 49
[2025-06-30 12:40:16]  387 root - INFO - Loading data from C:\Users\katch\Desktop\projects\stock_portfolio\notebooks\Data\processed_data\stock_price_data.csv
[2025-06-30 12:40:16]  19 root - INFO - Data loaded successfully from C:\Users\katch\Desktop\projects\stock_portfolio\notebooks\Data\processed_data\stock_price_data.csv
[2025-06-30 12:40:16]  344 root - INFO - Applying all technical indicators for column: Ticker
[2025-06-30 12:40:16]  32 root - INFO - Calculating SMA for column: Ticker
[2025-06-30 12:40:16]  37 root - INFO - SMA calculation completed successfully
[2025-06-30 12:40:16]  47 root - INFO - Calculating EMA for column: Ticker
[2025-06-30 12:40:16]  51 root - INFO - EMA calculation completed successfully
[2025-06-30 12:40:16]  61 root - INFO - Calculating Bollinger Bands for column: Ticker
[2025-06-30 12:40:16]  65 root - INFO - Bollinger Bands calculation completed successfully
[2025-06-30 12:40:16]  75 root - INFO - Calculating Pivot Points for column: Ticker
[2025-06-30 12:40:17]  89 root - INFO - Pivot Points calculation completed successfully
[2025-06-30 12:40:17]  99 root - INFO - Calculating Ichimoku Cloud for column: Ticker
[2025-06-30 12:40:17]  109 root - INFO - Ichimoku Cloud calculation completed successfully
[2025-06-30 12:40:17]  119 root - INFO - Calculating MACD for column: Ticker
[2025-06-30 12:40:17]  129 root - INFO - MACD calculation completed successfully
[2025-06-30 12:40:17]  139 root - INFO - Calculating RSI for column: Ticker
[2025-06-30 12:40:17]  151 root - INFO - RSI calculation completed successfully
[2025-06-30 12:40:17]  161 root - INFO - Calculating ATR for column: Ticker
[2025-06-30 12:40:17]  171 root - INFO - ATR calculation completed successfully
[2025-06-30 12:40:17]  181 root - INFO - Calculating Stochastic Oscillator for column: Ticker
[2025-06-30 12:40:17]  191 root - INFO - Stochastic Oscillator calculation completed successfully
[2025-06-30 12:40:17]  201 root - INFO - Calculating SAR for column: Ticker
[2025-06-30 12:40:19]  253 root - INFO - SAR calculation completed successfully
[2025-06-30 12:40:19]  287 root - INFO - Calculating Fibonacci Retracement for column: Ticker
[2025-06-30 12:40:19]  298 root - INFO - Fibonacci Retracement calculation completed successfully
[2025-06-30 12:40:19]  263 root - INFO - Calculating OBV for column: Ticker
[2025-06-30 12:40:20]  277 root - INFO - OBV calculation completed successfully
[2025-06-30 12:40:20]  308 root - INFO - Calculating Garman-Klass Volatility for column: Ticker
[2025-06-30 12:40:20]  317 root - INFO - Garman-Klass Volatility calculation completed successfully
[2025-06-30 12:40:20]  327 root - INFO - Calculating Donchian Channel for column: Ticker
[2025-06-30 12:40:21]  334 root - INFO - Donchian Channel calculation completed successfully
[2025-06-30 12:40:21]  364 root - INFO - All technical indicators applied successfully
[2025-06-30 12:40:23]  396 root - INFO - Data with indicators saved to C:\Users\katch\Desktop\projects\stock_portfolio\notebooks\Data\un_processed_data\stock_price_with_indicators.csv
[2025-06-30 12:40:24]  344 root - INFO - Applying all technical indicators for column: Ticker
[2025-06-30 12:40:24]  32 root - INFO - Calculating SMA for column: Ticker
[2025-06-30 12:40:24]  37 root - INFO - SMA calculation completed successfully
[2025-06-30 12:40:24]  47 root - INFO - Calculating EMA for column: Ticker
[2025-06-30 12:40:24]  51 root - INFO - EMA calculation completed successfully
[2025-06-30 12:40:24]  61 root - INFO - Calculating Bollinger Bands for column: Ticker
[2025-06-30 12:40:24]  65 root - INFO - Bollinger Bands calculation completed successfully
[2025-06-30 12:40:24]  75 root - INFO - Calculating Pivot Points for column: Ticker
[2025-06-30 12:40:24]  89 root - INFO - Pivot Points calculation completed successfully
[2025-06-30 12:40:24]  99 root - INFO - Calculating Ichimoku Cloud for column: Ticker
[2025-06-30 12:40:24]  109 root - INFO - Ichimoku Cloud calculation completed successfully
[2025-06-30 12:40:24]  119 root - INFO - Calculating MACD for column: Ticker
[2025-06-30 12:40:24]  129 root - INFO - MACD calculation completed successfully
[2025-06-30 12:40:24]  139 root - INFO - Calculating RSI for column: Ticker
[2025-06-30 12:40:24]  151 root - INFO - RSI calculation completed successfully
[2025-06-30 12:40:24]  161 root - INFO - Calculating ATR for column: Ticker
[2025-06-30 12:40:24]  171 root - INFO - ATR calculation completed successfully
[2025-06-30 12:40:24]  181 root - INFO - Calculating Stochastic Oscillator for column: Ticker
[2025-06-30 12:40:24]  191 root - INFO - Stochastic Oscillator calculation completed successfully
[2025-06-30 12:40:24]  201 root - INFO - Calculating SAR for column: Ticker
[2025-06-30 12:40:24]  253 root - INFO - SAR calculation completed successfully
[2025-06-30 12:40:24]  287 root - INFO - Calculating Fibonacci Retracement for column: Ticker
[2025-06-30 12:40:24]  298 root - INFO - Fibonacci Retracement calculation completed successfully
[2025-06-30 12:40:24]  263 root - INFO - Calculating OBV for column: Ticker
[2025-06-30 12:40:24]  277 root - INFO - OBV calculation completed successfully
[2025-06-30 12:40:24]  308 root - INFO - Calculating Garman-Klass Volatility for column: Ticker
[2025-06-30 12:40:24]  317 root - INFO - Garman-Klass Volatility calculation completed successfully
[2025-06-30 12:40:24]  327 root - INFO - Calculating Donchian Channel for column: Ticker
[2025-06-30 12:40:24]  334 root - INFO - Donchian Channel calculation completed successfully
[2025-06-30 12:40:24]  364 root - INFO - All technical indicators applied successfully
[2025-06-30 12:40:24]  69 root - INFO - Converted boolean column Trend_Up to numeric
[2025-06-30 12:40:24]  94 root - WARNING - Dropped 675 rows with NaNs in essential features.
[2025-06-30 12:40:24]  101 root - INFO - Processed data shape: (3042, 64)
[2025-06-30 12:40:24]  102 root - INFO - First 3 rows:
          Date  Ticker        Close         High  ...  log_open  log_close  log_high   log_low
199 2021-04-16  ABB.NS  1344.136353  1347.664889  ...  7.189222   7.203507  7.206129  7.184328
200 2021-04-19  ABB.NS  1372.468262  1389.044297  ...  7.196640   7.224366  7.236371  7.164782
201 2021-04-20  ABB.NS  1372.714111  1394.946665  ...  7.224258   7.224545  7.240611  7.214244

[3 rows x 64 columns]
[2025-06-30 12:40:24]  33 root - INFO - Data loaded to DataFrame successfully
[2025-06-30 12:40:24]  344 root - INFO - Applying all technical indicators for column: Ticker
[2025-06-30 12:40:24]  32 root - INFO - Calculating SMA for column: Ticker
[2025-06-30 12:40:24]  37 root - INFO - SMA calculation completed successfully
[2025-06-30 12:40:24]  47 root - INFO - Calculating EMA for column: Ticker
[2025-06-30 12:40:24]  51 root - INFO - EMA calculation completed successfully
[2025-06-30 12:40:24]  61 root - INFO - Calculating Bollinger Bands for column: Ticker
[2025-06-30 12:40:24]  65 root - INFO - Bollinger Bands calculation completed successfully
[2025-06-30 12:40:24]  75 root - INFO - Calculating Pivot Points for column: Ticker
[2025-06-30 12:40:24]  89 root - INFO - Pivot Points calculation completed successfully
[2025-06-30 12:40:24]  99 root - INFO - Calculating Ichimoku Cloud for column: Ticker
[2025-06-30 12:40:24]  109 root - INFO - Ichimoku Cloud calculation completed successfully
[2025-06-30 12:40:24]  119 root - INFO - Calculating MACD for column: Ticker
[2025-06-30 12:40:24]  129 root - INFO - MACD calculation completed successfully
[2025-06-30 12:40:24]  139 root - INFO - Calculating RSI for column: Ticker
[2025-06-30 12:40:24]  151 root - INFO - RSI calculation completed successfully
[2025-06-30 12:40:24]  161 root - INFO - Calculating ATR for column: Ticker
[2025-06-30 12:40:24]  171 root - INFO - ATR calculation completed successfully
[2025-06-30 12:40:24]  181 root - INFO - Calculating Stochastic Oscillator for column: Ticker
[2025-06-30 12:40:24]  191 root - INFO - Stochastic Oscillator calculation completed successfully
[2025-06-30 12:40:24]  201 root - INFO - Calculating SAR for column: Ticker
[2025-06-30 12:40:24]  253 root - INFO - SAR calculation completed successfully
[2025-06-30 12:40:24]  287 root - INFO - Calculating Fibonacci Retracement for column: Ticker
[2025-06-30 12:40:24]  298 root - INFO - Fibonacci Retracement calculation completed successfully
[2025-06-30 12:40:24]  263 root - INFO - Calculating OBV for column: Ticker
[2025-06-30 12:40:24]  277 root - INFO - OBV calculation completed successfully
[2025-06-30 12:40:24]  308 root - INFO - Calculating Garman-Klass Volatility for column: Ticker
[2025-06-30 12:40:24]  317 root - INFO - Garman-Klass Volatility calculation completed successfully
[2025-06-30 12:40:24]  327 root - INFO - Calculating Donchian Channel for column: Ticker
[2025-06-30 12:40:24]  334 root - INFO - Donchian Channel calculation completed successfully
[2025-06-30 12:40:24]  364 root - INFO - All technical indicators applied successfully
[2025-06-30 12:40:24]  69 root - INFO - Converted boolean column Trend_Up to numeric
[2025-06-30 12:40:24]  94 root - WARNING - Dropped 675 rows with NaNs in essential features.
[2025-06-30 12:40:24]  101 root - INFO - Processed data shape: (2367, 64)
[2025-06-30 12:40:24]  102 root - INFO - First 3 rows:
          Date  Ticker        Close         High  ...  log_open  log_close  log_high   log_low
199 2022-02-02  ABB.NS  2259.361084  2338.552346  ...  7.718649   7.722837  7.757287  7.708453
200 2022-02-03  ABB.NS  2268.313232  2295.021742  ...  7.723403   7.726792  7.738498  7.712311
201 2022-02-04  ABB.NS  2297.431885  2326.550756  ...  7.726445   7.739547  7.752142  7.715540

[3 rows x 64 columns]
[2025-06-30 12:40:24]  177 root - INFO - Transformed ABB.NS: 737 sequences, 589 train, 148 test
[2025-06-30 12:40:24]  177 root - INFO - Transformed ADANIGREEN.NS: 737 sequences, 589 train, 148 test
[2025-06-30 12:40:25]  177 root - INFO - Transformed ADANIPORTS.NS: 737 sequences, 589 train, 148 test
[2025-06-30 12:40:41]  157 tensorflow - WARNING - 5 out of the last 11 calls to <function TensorFlowTrainer.make_predict_function.<locals>.one_step_on_data_distributed at 0x000001EA95956D40> triggered tf.function retracing. Tracing is expensive and the excessive number of tracings could be due to (1) creating @tf.function repeatedly in a loop, (2) passing tensors with different shapes, (3) passing Python objects instead of tensors. For (1), please define your @tf.function outside of the loop. For (2), @tf.function has reduce_retracing=True option that can avoid unnecessary retracing. For (3), please refer to https://www.tensorflow.org/guide/function#controlling_retracing and https://www.tensorflow.org/api_docs/python/tf/function for  more details.
[2025-06-30 12:40:41]  157 tensorflow - WARNING - 5 out of the last 11 calls to <function TensorFlowTrainer.make_predict_function.<locals>.one_step_on_data_distributed at 0x000001EA95956D40> triggered tf.function retracing. Tracing is expensive and the excessive number of tracings could be due to (1) creating @tf.function repeatedly in a loop, (2) passing tensors with different shapes, (3) passing Python objects instead of tensors. For (1), please define your @tf.function outside of the loop. For (2), @tf.function has reduce_retracing=True option that can avoid unnecessary retracing. For (3), please refer to https://www.tensorflow.org/guide/function#controlling_retracing and https://www.tensorflow.org/api_docs/python/tf/function for  more details.
[2025-06-30 12:40:41]  279 root - INFO - Evaluation results saved to C:\Users\katch\Desktop\projects\stock_portfolio\notebooks\Data\models
