[2025-06-30 12:45:45]  29 root - INFO - Starting stock data collection process
[2025-06-30 12:45:45]  36 root - INFO - Reading Excel file from: C:\Users\katch\Desktop\projects\stock_portfolio\notebooks\Data\processed_data\stock_list.xlsx
[2025-06-30 12:45:45]  49 root - INFO - Found 47 stock symbols in Excel file
[2025-06-30 12:45:45]  54 root - INFO - Total symbols to download: 53
[2025-06-30 12:45:45]  59 root - INFO - Downloading data from 2020-07-01 to 2025-06-30
[2025-06-30 12:45:45]  62 root - INFO - Downloading stock data from Yahoo Finance...
[2025-06-30 12:45:48]  70 root - INFO - Processing downloaded data...
[2025-06-30 12:45:48]  92 root - INFO - Saving data to CSV: C:\Users\katch\Desktop\projects\stock_portfolio\notebooks\Data\processed_data\stock_price_data.csv
[2025-06-30 12:45:48]  95 root - INFO - Data collection completed successfully. CSV saved to: C:\Users\katch\Desktop\projects\stock_portfolio\notebooks\Data\processed_data\stock_price_data.csv
[2025-06-30 12:45:48]  96 root - INFO - Total records: 60711
[2025-06-30 12:45:48]  97 root - INFO - Unique tickers: 49
[2025-06-30 12:45:48]  33 root - INFO - Data loaded to DataFrame successfully
[2025-06-30 12:45:48]  344 root - INFO - Applying all technical indicators for column: Ticker
[2025-06-30 12:45:48]  32 root - INFO - Calculating SMA for column: Ticker
[2025-06-30 12:45:48]  37 root - INFO - SMA calculation completed successfully
[2025-06-30 12:45:48]  47 root - INFO - Calculating EMA for column: Ticker
[2025-06-30 12:45:48]  51 root - INFO - EMA calculation completed successfully
[2025-06-30 12:45:48]  61 root - INFO - Calculating Bollinger Bands for column: Ticker
[2025-06-30 12:45:48]  65 root - INFO - Bollinger Bands calculation completed successfully
[2025-06-30 12:45:48]  75 root - INFO - Calculating Pivot Points for column: Ticker
[2025-06-30 12:45:49]  89 root - INFO - Pivot Points calculation completed successfully
[2025-06-30 12:45:49]  99 root - INFO - Calculating Ichimoku Cloud for column: Ticker
[2025-06-30 12:45:49]  109 root - INFO - Ichimoku Cloud calculation completed successfully
[2025-06-30 12:45:49]  119 root - INFO - Calculating MACD for column: Ticker
[2025-06-30 12:45:49]  129 root - INFO - MACD calculation completed successfully
[2025-06-30 12:45:49]  139 root - INFO - Calculating RSI for column: Ticker
[2025-06-30 12:45:49]  151 root - INFO - RSI calculation completed successfully
[2025-06-30 12:45:49]  161 root - INFO - Calculating ATR for column: Ticker
[2025-06-30 12:45:49]  171 root - INFO - ATR calculation completed successfully
[2025-06-30 12:45:49]  181 root - INFO - Calculating Stochastic Oscillator for column: Ticker
[2025-06-30 12:45:49]  191 root - INFO - Stochastic Oscillator calculation completed successfully
[2025-06-30 12:45:49]  201 root - INFO - Calculating SAR for column: Ticker
[2025-06-30 12:45:51]  253 root - INFO - SAR calculation completed successfully
[2025-06-30 12:45:51]  287 root - INFO - Calculating Fibonacci Retracement for column: Ticker
[2025-06-30 12:45:51]  298 root - INFO - Fibonacci Retracement calculation completed successfully
[2025-06-30 12:45:51]  263 root - INFO - Calculating OBV for column: Ticker
[2025-06-30 12:45:52]  277 root - INFO - OBV calculation completed successfully
[2025-06-30 12:45:52]  308 root - INFO - Calculating Garman-Klass Volatility for column: Ticker
[2025-06-30 12:45:52]  317 root - INFO - Garman-Klass Volatility calculation completed successfully
[2025-06-30 12:45:52]  327 root - INFO - Calculating Donchian Channel for column: Ticker
[2025-06-30 12:45:52]  334 root - INFO - Donchian Channel calculation completed successfully
[2025-06-30 12:45:52]  364 root - INFO - All technical indicators applied successfully
[2025-06-30 12:45:52]  69 root - INFO - Converted boolean column Trend_Up to numeric
[2025-06-30 12:45:52]  94 root - WARNING - Dropped 23111 rows with NaNs in essential features.
[2025-06-30 12:45:52]  101 root - INFO - Processed data shape: (37600, 64)
[2025-06-30 12:45:52]  102 root - INFO - First 3 rows:
          Date  Ticker        Close         High          Low         Open  ...    Avg_Price  Volatility  log_open  log_close  log_high   log_low
199 2021-04-16  ABB.NS  1344.136475  1347.665011  1318.603491  1325.072494  ...  1333.869368    2.193202  7.189222   7.203507  7.206129  7.184328
200 2021-04-19  ABB.NS  1372.468140  1389.044174  1293.080061  1334.938346  ...  1347.382680    7.188655  7.196640   7.224366  7.236371  7.164782
201 2021-04-20  ABB.NS  1372.714233  1394.946789  1358.646668  1372.320712  ...  1374.657101    2.645163  7.224259   7.224545  7.240612  7.214244

[3 rows x 64 columns]
[2025-06-30 12:45:52]  177 root - INFO - Transformed ABB.NS: 961 sequences, 768 train, 193 test
[2025-06-30 12:45:52]  177 root - INFO - Transformed ADANIGREEN.NS: 962 sequences, 769 train, 193 test
[2025-06-30 12:45:52]  177 root - INFO - Transformed ADANIPORTS.NS: 962 sequences, 769 train, 193 test
[2025-06-30 12:45:52]  177 root - INFO - Transformed BANKBEES.NS: 962 sequences, 769 train, 193 test
[2025-06-30 12:45:52]  177 root - INFO - Transformed BEL.NS: 962 sequences, 769 train, 193 test
[2025-06-30 12:45:52]  177 root - INFO - Transformed BHEL.NS: 962 sequences, 769 train, 193 test
[2025-06-30 12:45:52]  177 root - INFO - Transformed CDSL.NS: 961 sequences, 768 train, 193 test
[2025-06-30 12:45:53]  177 root - INFO - Transformed CIPLA.NS: 962 sequences, 769 train, 193 test
[2025-06-30 12:45:53]  177 root - INFO - Transformed CPSEETF.NS: 962 sequences, 769 train, 193 test
[2025-06-30 12:45:53]  177 root - INFO - Transformed DRREDDY.NS: 961 sequences, 768 train, 193 test
[2025-06-30 12:45:53]  177 root - INFO - Transformed EXIDEIND.NS: 962 sequences, 769 train, 193 test
[2025-06-30 12:45:53]  177 root - INFO - Transformed GOLDBEES.NS: 962 sequences, 769 train, 193 test
[2025-06-30 12:45:53]  177 root - INFO - Transformed HAL.NS: 962 sequences, 769 train, 193 test
[2025-06-30 12:45:53]  177 root - INFO - Transformed HINDZINC.NS: 962 sequences, 769 train, 193 test
[2025-06-30 12:45:53]  177 root - INFO - Transformed IDEA.NS: 962 sequences, 769 train, 193 test
[2025-06-30 12:45:53]  177 root - INFO - Transformed JMFINANCIL.NS: 962 sequences, 769 train, 193 test
[2025-06-30 12:45:53]  177 root - INFO - Transformed JUNIORBEES.NS: 962 sequences, 769 train, 193 test
[2025-06-30 12:45:53]  177 root - INFO - Transformed KOLTEPATIL.NS: 962 sequences, 769 train, 193 test
[2025-06-30 12:45:53]  177 root - INFO - Transformed KOTAKBANK.NS: 962 sequences, 769 train, 193 test
[2025-06-30 12:45:53]  177 root - INFO - Transformed KPITTECH.NS: 962 sequences, 769 train, 193 test
[2025-06-30 12:45:53]  177 root - INFO - Transformed LAURUSLABS.NS: 961 sequences, 768 train, 193 test
[2025-06-30 12:45:53]  177 root - INFO - Transformed MID150BEES.NS: 208 sequences, 166 train, 42 test
[2025-06-30 12:45:53]  177 root - INFO - Transformed MON100.NS: 962 sequences, 769 train, 193 test
[2025-06-30 12:45:53]  177 root - INFO - Transformed MOTILALOFS.NS: 962 sequences, 769 train, 193 test
[2025-06-30 12:45:53]  177 root - INFO - Transformed NIFTYBEES.NS: 962 sequences, 769 train, 193 test
[2025-06-30 12:45:53]  177 root - INFO - Transformed NMDC.NS: 962 sequences, 769 train, 193 test
[2025-06-30 12:45:53]  177 root - INFO - Transformed PGEL.NS: 962 sequences, 769 train, 193 test
[2025-06-30 12:45:53]  177 root - INFO - Transformed PRAJIND.NS: 962 sequences, 769 train, 193 test
[2025-06-30 12:45:53]  177 root - INFO - Transformed RELIANCE.NS: 961 sequences, 768 train, 193 test
[2025-06-30 12:45:53]  177 root - INFO - Transformed SAIL.NS: 962 sequences, 769 train, 193 test
[2025-06-30 12:45:53]  177 root - INFO - Transformed SKIPPER.NS: 962 sequences, 769 train, 193 test
[2025-06-30 12:45:53]  177 root - INFO - Transformed SUZLON.NS: 962 sequences, 769 train, 193 test
[2025-06-30 12:45:53]  177 root - INFO - Transformed TATAMOTORS.NS: 962 sequences, 769 train, 193 test
[2025-06-30 12:45:53]  177 root - INFO - Transformed UTINEXT50.NS: 962 sequences, 769 train, 193 test
[2025-06-30 12:45:53]  177 root - INFO - Transformed VEDL.NS: 962 sequences, 769 train, 193 test
[2025-06-30 12:45:53]  177 root - INFO - Transformed YESBANK.NS: 962 sequences, 769 train, 193 test
[2025-06-30 12:45:53]  177 root - INFO - Transformed ZYDUSLIFE.NS: 962 sequences, 769 train, 193 test
[2025-06-30 12:45:53]  177 root - INFO - Transformed ^NSEI: 789 sequences, 631 train, 158 test
[2025-06-30 12:49:17]  157 tensorflow - WARNING - 5 out of the last 15 calls to <function TensorFlowTrainer.make_predict_function.<locals>.one_step_on_data_distributed at 0x000001D75A6B2E60> triggered tf.function retracing. Tracing is expensive and the excessive number of tracings could be due to (1) creating @tf.function repeatedly in a loop, (2) passing tensors with different shapes, (3) passing Python objects instead of tensors. For (1), please define your @tf.function outside of the loop. For (2), @tf.function has reduce_retracing=True option that can avoid unnecessary retracing. For (3), please refer to https://www.tensorflow.org/guide/function#controlling_retracing and https://www.tensorflow.org/api_docs/python/tf/function for  more details.
[2025-06-30 12:49:17]  157 tensorflow - WARNING - 5 out of the last 15 calls to <function TensorFlowTrainer.make_predict_function.<locals>.one_step_on_data_distributed at 0x000001D73D654790> triggered tf.function retracing. Tracing is expensive and the excessive number of tracings could be due to (1) creating @tf.function repeatedly in a loop, (2) passing tensors with different shapes, (3) passing Python objects instead of tensors. For (1), please define your @tf.function outside of the loop. For (2), @tf.function has reduce_retracing=True option that can avoid unnecessary retracing. For (3), please refer to https://www.tensorflow.org/guide/function#controlling_retracing and https://www.tensorflow.org/api_docs/python/tf/function for  more details.
[2025-06-30 12:49:29]  279 root - INFO - Evaluation results saved to C:\Users\katch\Desktop\projects\stock_portfolio\notebooks\Data\models
