[2025-06-30 12:24:43]  29 root - INFO - Starting stock data collection process
[2025-06-30 12:24:43]  36 root - INFO - Reading Excel file from: C:\Users\katch\Desktop\projects\stock_portfolio\notebooks\Data\processed_data\stock_list.xlsx
[2025-06-30 12:24:43]  49 root - INFO - Found 47 stock symbols in Excel file
[2025-06-30 12:24:43]  54 root - INFO - Total symbols to download: 53
[2025-06-30 12:24:43]  59 root - INFO - Downloading data from 2020-07-01 to 2025-06-30
[2025-06-30 12:24:43]  62 root - INFO - Downloading stock data from Yahoo Finance...
[2025-06-30 12:24:48]  70 root - INFO - Processing downloaded data...
[2025-06-30 12:24:48]  92 root - INFO - Saving data to CSV: C:\Users\katch\Desktop\projects\stock_portfolio\notebooks\Data\processed_data\stock_price_data.csv
[2025-06-30 12:24:49]  95 root - INFO - Data collection completed successfully. CSV saved to: C:\Users\katch\Desktop\projects\stock_portfolio\notebooks\Data\processed_data\stock_price_data.csv
[2025-06-30 12:24:49]  96 root - INFO - Total records: 60711
[2025-06-30 12:24:49]  97 root - INFO - Unique tickers: 49
[2025-06-30 12:24:49]  387 root - INFO - Loading data from C:\Users\katch\Desktop\projects\stock_portfolio\notebooks\Data\processed_data\stock_price_data.csv
[2025-06-30 12:24:49]  19 root - INFO - Data loaded successfully from C:\Users\katch\Desktop\projects\stock_portfolio\notebooks\Data\processed_data\stock_price_data.csv
[2025-06-30 12:24:49]  344 root - INFO - Applying all technical indicators for column: Ticker
[2025-06-30 12:24:49]  32 root - INFO - Calculating SMA for column: Ticker
[2025-06-30 12:24:49]  37 root - INFO - SMA calculation completed successfully
[2025-06-30 12:24:49]  47 root - INFO - Calculating EMA for column: Ticker
[2025-06-30 12:24:49]  51 root - INFO - EMA calculation completed successfully
[2025-06-30 12:24:49]  61 root - INFO - Calculating Bollinger Bands for column: Ticker
[2025-06-30 12:24:49]  65 root - INFO - Bollinger Bands calculation completed successfully
[2025-06-30 12:24:49]  75 root - INFO - Calculating Pivot Points for column: Ticker
[2025-06-30 12:24:49]  89 root - INFO - Pivot Points calculation completed successfully
[2025-06-30 12:24:49]  99 root - INFO - Calculating Ichimoku Cloud for column: Ticker
[2025-06-30 12:24:49]  109 root - INFO - Ichimoku Cloud calculation completed successfully
[2025-06-30 12:24:49]  119 root - INFO - Calculating MACD for column: Ticker
[2025-06-30 12:24:49]  129 root - INFO - MACD calculation completed successfully
[2025-06-30 12:24:49]  139 root - INFO - Calculating RSI for column: Ticker
[2025-06-30 12:24:50]  151 root - INFO - RSI calculation completed successfully
[2025-06-30 12:24:50]  161 root - INFO - Calculating ATR for column: Ticker
[2025-06-30 12:24:50]  171 root - INFO - ATR calculation completed successfully
[2025-06-30 12:24:50]  181 root - INFO - Calculating Stochastic Oscillator for column: Ticker
[2025-06-30 12:24:50]  191 root - INFO - Stochastic Oscillator calculation completed successfully
[2025-06-30 12:24:50]  201 root - INFO - Calculating SAR for column: Ticker
[2025-06-30 12:24:51]  253 root - INFO - SAR calculation completed successfully
[2025-06-30 12:24:51]  287 root - INFO - Calculating Fibonacci Retracement for column: Ticker
[2025-06-30 12:24:52]  298 root - INFO - Fibonacci Retracement calculation completed successfully
[2025-06-30 12:24:52]  263 root - INFO - Calculating OBV for column: Ticker
[2025-06-30 12:24:53]  277 root - INFO - OBV calculation completed successfully
[2025-06-30 12:24:53]  308 root - INFO - Calculating Garman-Klass Volatility for column: Ticker
[2025-06-30 12:24:53]  317 root - INFO - Garman-Klass Volatility calculation completed successfully
[2025-06-30 12:24:53]  327 root - INFO - Calculating Donchian Channel for column: Ticker
[2025-06-30 12:24:53]  334 root - INFO - Donchian Channel calculation completed successfully
[2025-06-30 12:24:53]  364 root - INFO - All technical indicators applied successfully
[2025-06-30 12:24:56]  396 root - INFO - Data with indicators saved to C:\Users\katch\Desktop\projects\stock_portfolio\notebooks\Data\un_processed_data\stock_price_with_indicators.csv
[2025-06-30 12:24:56]  344 root - INFO - Applying all technical indicators for column: Ticker
[2025-06-30 12:24:56]  32 root - INFO - Calculating SMA for column: Ticker
[2025-06-30 12:24:56]  37 root - INFO - SMA calculation completed successfully
[2025-06-30 12:24:56]  47 root - INFO - Calculating EMA for column: Ticker
[2025-06-30 12:24:56]  51 root - INFO - EMA calculation completed successfully
[2025-06-30 12:24:56]  61 root - INFO - Calculating Bollinger Bands for column: Ticker
[2025-06-30 12:24:56]  65 root - INFO - Bollinger Bands calculation completed successfully
[2025-06-30 12:24:56]  75 root - INFO - Calculating Pivot Points for column: Ticker
[2025-06-30 12:24:56]  89 root - INFO - Pivot Points calculation completed successfully
[2025-06-30 12:24:56]  99 root - INFO - Calculating Ichimoku Cloud for column: Ticker
[2025-06-30 12:24:56]  109 root - INFO - Ichimoku Cloud calculation completed successfully
[2025-06-30 12:24:56]  119 root - INFO - Calculating MACD for column: Ticker
[2025-06-30 12:24:56]  129 root - INFO - MACD calculation completed successfully
[2025-06-30 12:24:56]  139 root - INFO - Calculating RSI for column: Ticker
[2025-06-30 12:24:56]  151 root - INFO - RSI calculation completed successfully
[2025-06-30 12:24:56]  161 root - INFO - Calculating ATR for column: Ticker
[2025-06-30 12:24:56]  171 root - INFO - ATR calculation completed successfully
[2025-06-30 12:24:56]  181 root - INFO - Calculating Stochastic Oscillator for column: Ticker
[2025-06-30 12:24:56]  191 root - INFO - Stochastic Oscillator calculation completed successfully
[2025-06-30 12:24:56]  201 root - INFO - Calculating SAR for column: Ticker
[2025-06-30 12:24:56]  253 root - INFO - SAR calculation completed successfully
[2025-06-30 12:24:56]  287 root - INFO - Calculating Fibonacci Retracement for column: Ticker
[2025-06-30 12:24:56]  298 root - INFO - Fibonacci Retracement calculation completed successfully
[2025-06-30 12:24:56]  263 root - INFO - Calculating OBV for column: Ticker
[2025-06-30 12:24:57]  277 root - INFO - OBV calculation completed successfully
[2025-06-30 12:24:57]  308 root - INFO - Calculating Garman-Klass Volatility for column: Ticker
[2025-06-30 12:24:57]  317 root - INFO - Garman-Klass Volatility calculation completed successfully
[2025-06-30 12:24:57]  327 root - INFO - Calculating Donchian Channel for column: Ticker
[2025-06-30 12:24:57]  334 root - INFO - Donchian Channel calculation completed successfully
[2025-06-30 12:24:57]  364 root - INFO - All technical indicators applied successfully
[2025-06-30 12:24:57]  77 root - INFO - Converted boolean column Trend_Up to numeric
[2025-06-30 12:24:57]  83 root - INFO - Processed data shape: (3717, 64)
[2025-06-30 12:24:57]  33 root - INFO - Data loaded to DataFrame successfully
[2025-06-30 12:24:57]  344 root - INFO - Applying all technical indicators for column: Ticker
[2025-06-30 12:24:57]  32 root - INFO - Calculating SMA for column: Ticker
[2025-06-30 12:24:57]  37 root - INFO - SMA calculation completed successfully
[2025-06-30 12:24:57]  47 root - INFO - Calculating EMA for column: Ticker
[2025-06-30 12:24:57]  51 root - INFO - EMA calculation completed successfully
[2025-06-30 12:24:57]  61 root - INFO - Calculating Bollinger Bands for column: Ticker
[2025-06-30 12:24:57]  65 root - INFO - Bollinger Bands calculation completed successfully
[2025-06-30 12:24:57]  75 root - INFO - Calculating Pivot Points for column: Ticker
[2025-06-30 12:24:57]  89 root - INFO - Pivot Points calculation completed successfully
[2025-06-30 12:24:57]  99 root - INFO - Calculating Ichimoku Cloud for column: Ticker
[2025-06-30 12:24:57]  109 root - INFO - Ichimoku Cloud calculation completed successfully
[2025-06-30 12:24:57]  119 root - INFO - Calculating MACD for column: Ticker
[2025-06-30 12:24:57]  129 root - INFO - MACD calculation completed successfully
[2025-06-30 12:24:57]  139 root - INFO - Calculating RSI for column: Ticker
[2025-06-30 12:24:57]  151 root - INFO - RSI calculation completed successfully
[2025-06-30 12:24:57]  161 root - INFO - Calculating ATR for column: Ticker
[2025-06-30 12:24:57]  171 root - INFO - ATR calculation completed successfully
[2025-06-30 12:24:57]  181 root - INFO - Calculating Stochastic Oscillator for column: Ticker
[2025-06-30 12:24:57]  191 root - INFO - Stochastic Oscillator calculation completed successfully
[2025-06-30 12:24:57]  201 root - INFO - Calculating SAR for column: Ticker
[2025-06-30 12:24:57]  253 root - INFO - SAR calculation completed successfully
[2025-06-30 12:24:57]  287 root - INFO - Calculating Fibonacci Retracement for column: Ticker
[2025-06-30 12:24:57]  298 root - INFO - Fibonacci Retracement calculation completed successfully
[2025-06-30 12:24:57]  263 root - INFO - Calculating OBV for column: Ticker
[2025-06-30 12:24:57]  277 root - INFO - OBV calculation completed successfully
[2025-06-30 12:24:57]  308 root - INFO - Calculating Garman-Klass Volatility for column: Ticker
[2025-06-30 12:24:57]  317 root - INFO - Garman-Klass Volatility calculation completed successfully
[2025-06-30 12:24:57]  327 root - INFO - Calculating Donchian Channel for column: Ticker
[2025-06-30 12:24:57]  334 root - INFO - Donchian Channel calculation completed successfully
[2025-06-30 12:24:57]  364 root - INFO - All technical indicators applied successfully
[2025-06-30 12:24:57]  77 root - INFO - Converted boolean column Trend_Up to numeric
[2025-06-30 12:24:57]  83 root - INFO - Processed data shape: (3717, 64)
[2025-06-30 12:24:57]  148 root - INFO - Transformed ABB.NS: 1187 sequences, 949 train, 238 test
[2025-06-30 12:24:57]  148 root - INFO - Transformed ADANIGREEN.NS: 1187 sequences, 949 train, 238 test
[2025-06-30 12:24:57]  148 root - INFO - Transformed ADANIPORTS.NS: 1187 sequences, 949 train, 238 test
[2025-06-30 12:25:20]  157 tensorflow - WARNING - 5 out of the last 17 calls to <function TensorFlowTrainer.make_predict_function.<locals>.one_step_on_data_distributed at 0x000001E07BF5CD30> triggered tf.function retracing. Tracing is expensive and the excessive number of tracings could be due to (1) creating @tf.function repeatedly in a loop, (2) passing tensors with different shapes, (3) passing Python objects instead of tensors. For (1), please define your @tf.function outside of the loop. For (2), @tf.function has reduce_retracing=True option that can avoid unnecessary retracing. For (3), please refer to https://www.tensorflow.org/guide/function#controlling_retracing and https://www.tensorflow.org/api_docs/python/tf/function for  more details.
[2025-06-30 12:25:20]  252 root - INFO - Evaluation results saved to C:\Users\katch\Desktop\projects\stock_portfolio\notebooks\Data\models
