[2025-06-30 12:34:49]  29 root - INFO - Starting stock data collection process
[2025-06-30 12:34:49]  36 root - INFO - Reading Excel file from: C:\Users\katch\Desktop\projects\stock_portfolio\notebooks\Data\processed_data\stock_list.xlsx
[2025-06-30 12:34:49]  49 root - INFO - Found 47 stock symbols in Excel file
[2025-06-30 12:34:49]  54 root - INFO - Total symbols to download: 53
[2025-06-30 12:34:49]  59 root - INFO - Downloading data from 2020-07-01 to 2025-06-30
[2025-06-30 12:34:49]  62 root - INFO - Downloading stock data from Yahoo Finance...
[2025-06-30 12:34:52]  70 root - INFO - Processing downloaded data...
[2025-06-30 12:34:52]  92 root - INFO - Saving data to CSV: C:\Users\katch\Desktop\projects\stock_portfolio\notebooks\Data\processed_data\stock_price_data.csv
[2025-06-30 12:34:52]  95 root - INFO - Data collection completed successfully. CSV saved to: C:\Users\katch\Desktop\projects\stock_portfolio\notebooks\Data\processed_data\stock_price_data.csv
[2025-06-30 12:34:52]  96 root - INFO - Total records: 60711
[2025-06-30 12:34:52]  97 root - INFO - Unique tickers: 49
[2025-06-30 12:34:52]  387 root - INFO - Loading data from C:\Users\katch\Desktop\projects\stock_portfolio\notebooks\Data\processed_data\stock_price_data.csv
[2025-06-30 12:34:52]  19 root - INFO - Data loaded successfully from C:\Users\katch\Desktop\projects\stock_portfolio\notebooks\Data\processed_data\stock_price_data.csv
[2025-06-30 12:34:52]  344 root - INFO - Applying all technical indicators for column: Ticker
[2025-06-30 12:34:52]  32 root - INFO - Calculating SMA for column: Ticker
[2025-06-30 12:34:52]  37 root - INFO - SMA calculation completed successfully
[2025-06-30 12:34:52]  47 root - INFO - Calculating EMA for column: Ticker
[2025-06-30 12:34:52]  51 root - INFO - EMA calculation completed successfully
[2025-06-30 12:34:52]  61 root - INFO - Calculating Bollinger Bands for column: Ticker
[2025-06-30 12:34:52]  65 root - INFO - Bollinger Bands calculation completed successfully
[2025-06-30 12:34:52]  75 root - INFO - Calculating Pivot Points for column: Ticker
[2025-06-30 12:34:52]  89 root - INFO - Pivot Points calculation completed successfully
[2025-06-30 12:34:52]  99 root - INFO - Calculating Ichimoku Cloud for column: Ticker
[2025-06-30 12:34:52]  109 root - INFO - Ichimoku Cloud calculation completed successfully
[2025-06-30 12:34:52]  119 root - INFO - Calculating MACD for column: Ticker
[2025-06-30 12:34:53]  129 root - INFO - MACD calculation completed successfully
[2025-06-30 12:34:53]  139 root - INFO - Calculating RSI for column: Ticker
[2025-06-30 12:34:53]  151 root - INFO - RSI calculation completed successfully
[2025-06-30 12:34:53]  161 root - INFO - Calculating ATR for column: Ticker
[2025-06-30 12:34:53]  171 root - INFO - ATR calculation completed successfully
[2025-06-30 12:34:53]  181 root - INFO - Calculating Stochastic Oscillator for column: Ticker
[2025-06-30 12:34:53]  191 root - INFO - Stochastic Oscillator calculation completed successfully
[2025-06-30 12:34:53]  201 root - INFO - Calculating SAR for column: Ticker
[2025-06-30 12:34:55]  253 root - INFO - SAR calculation completed successfully
[2025-06-30 12:34:55]  287 root - INFO - Calculating Fibonacci Retracement for column: Ticker
[2025-06-30 12:34:55]  298 root - INFO - Fibonacci Retracement calculation completed successfully
[2025-06-30 12:34:55]  263 root - INFO - Calculating OBV for column: Ticker
[2025-06-30 12:34:56]  277 root - INFO - OBV calculation completed successfully
[2025-06-30 12:34:56]  308 root - INFO - Calculating Garman-Klass Volatility for column: Ticker
[2025-06-30 12:34:56]  317 root - INFO - Garman-Klass Volatility calculation completed successfully
[2025-06-30 12:34:56]  327 root - INFO - Calculating Donchian Channel for column: Ticker
[2025-06-30 12:34:56]  334 root - INFO - Donchian Channel calculation completed successfully
[2025-06-30 12:34:56]  364 root - INFO - All technical indicators applied successfully
[2025-06-30 12:34:59]  396 root - INFO - Data with indicators saved to C:\Users\katch\Desktop\projects\stock_portfolio\notebooks\Data\un_processed_data\stock_price_with_indicators.csv
[2025-06-30 12:34:59]  344 root - INFO - Applying all technical indicators for column: Ticker
[2025-06-30 12:34:59]  32 root - INFO - Calculating SMA for column: Ticker
[2025-06-30 12:34:59]  37 root - INFO - SMA calculation completed successfully
[2025-06-30 12:34:59]  47 root - INFO - Calculating EMA for column: Ticker
[2025-06-30 12:34:59]  51 root - INFO - EMA calculation completed successfully
[2025-06-30 12:34:59]  61 root - INFO - Calculating Bollinger Bands for column: Ticker
[2025-06-30 12:34:59]  65 root - INFO - Bollinger Bands calculation completed successfully
[2025-06-30 12:34:59]  75 root - INFO - Calculating Pivot Points for column: Ticker
[2025-06-30 12:34:59]  89 root - INFO - Pivot Points calculation completed successfully
[2025-06-30 12:34:59]  99 root - INFO - Calculating Ichimoku Cloud for column: Ticker
[2025-06-30 12:34:59]  109 root - INFO - Ichimoku Cloud calculation completed successfully
[2025-06-30 12:34:59]  119 root - INFO - Calculating MACD for column: Ticker
[2025-06-30 12:34:59]  129 root - INFO - MACD calculation completed successfully
[2025-06-30 12:34:59]  139 root - INFO - Calculating RSI for column: Ticker
[2025-06-30 12:34:59]  151 root - INFO - RSI calculation completed successfully
[2025-06-30 12:34:59]  161 root - INFO - Calculating ATR for column: Ticker
[2025-06-30 12:34:59]  171 root - INFO - ATR calculation completed successfully
[2025-06-30 12:34:59]  181 root - INFO - Calculating Stochastic Oscillator for column: Ticker
[2025-06-30 12:34:59]  191 root - INFO - Stochastic Oscillator calculation completed successfully
[2025-06-30 12:34:59]  201 root - INFO - Calculating SAR for column: Ticker
[2025-06-30 12:34:59]  253 root - INFO - SAR calculation completed successfully
[2025-06-30 12:34:59]  287 root - INFO - Calculating Fibonacci Retracement for column: Ticker
[2025-06-30 12:34:59]  298 root - INFO - Fibonacci Retracement calculation completed successfully
[2025-06-30 12:34:59]  263 root - INFO - Calculating OBV for column: Ticker
[2025-06-30 12:35:00]  277 root - INFO - OBV calculation completed successfully
[2025-06-30 12:35:00]  308 root - INFO - Calculating Garman-Klass Volatility for column: Ticker
[2025-06-30 12:35:00]  317 root - INFO - Garman-Klass Volatility calculation completed successfully
[2025-06-30 12:35:00]  327 root - INFO - Calculating Donchian Channel for column: Ticker
[2025-06-30 12:35:00]  334 root - INFO - Donchian Channel calculation completed successfully
[2025-06-30 12:35:00]  364 root - INFO - All technical indicators applied successfully
[2025-06-30 12:35:00]  69 root - INFO - Converted boolean column Trend_Up to numeric
[2025-06-30 12:35:00]  91 root - INFO - Processed data shape: (3717, 64)
[2025-06-30 12:35:00]  33 root - INFO - Data loaded to DataFrame successfully
[2025-06-30 12:35:00]  344 root - INFO - Applying all technical indicators for column: Ticker
[2025-06-30 12:35:00]  32 root - INFO - Calculating SMA for column: Ticker
[2025-06-30 12:35:00]  37 root - INFO - SMA calculation completed successfully
[2025-06-30 12:35:00]  47 root - INFO - Calculating EMA for column: Ticker
[2025-06-30 12:35:00]  51 root - INFO - EMA calculation completed successfully
[2025-06-30 12:35:00]  61 root - INFO - Calculating Bollinger Bands for column: Ticker
[2025-06-30 12:35:00]  65 root - INFO - Bollinger Bands calculation completed successfully
[2025-06-30 12:35:00]  75 root - INFO - Calculating Pivot Points for column: Ticker
[2025-06-30 12:35:00]  89 root - INFO - Pivot Points calculation completed successfully
[2025-06-30 12:35:00]  99 root - INFO - Calculating Ichimoku Cloud for column: Ticker
[2025-06-30 12:35:00]  109 root - INFO - Ichimoku Cloud calculation completed successfully
[2025-06-30 12:35:00]  119 root - INFO - Calculating MACD for column: Ticker
[2025-06-30 12:35:00]  129 root - INFO - MACD calculation completed successfully
[2025-06-30 12:35:00]  139 root - INFO - Calculating RSI for column: Ticker
[2025-06-30 12:35:00]  151 root - INFO - RSI calculation completed successfully
[2025-06-30 12:35:00]  161 root - INFO - Calculating ATR for column: Ticker
[2025-06-30 12:35:00]  171 root - INFO - ATR calculation completed successfully
[2025-06-30 12:35:00]  181 root - INFO - Calculating Stochastic Oscillator for column: Ticker
[2025-06-30 12:35:00]  191 root - INFO - Stochastic Oscillator calculation completed successfully
[2025-06-30 12:35:00]  201 root - INFO - Calculating SAR for column: Ticker
[2025-06-30 12:35:00]  253 root - INFO - SAR calculation completed successfully
[2025-06-30 12:35:00]  287 root - INFO - Calculating Fibonacci Retracement for column: Ticker
[2025-06-30 12:35:00]  298 root - INFO - Fibonacci Retracement calculation completed successfully
[2025-06-30 12:35:00]  263 root - INFO - Calculating OBV for column: Ticker
[2025-06-30 12:35:00]  277 root - INFO - OBV calculation completed successfully
[2025-06-30 12:35:00]  308 root - INFO - Calculating Garman-Klass Volatility for column: Ticker
[2025-06-30 12:35:00]  317 root - INFO - Garman-Klass Volatility calculation completed successfully
[2025-06-30 12:35:00]  327 root - INFO - Calculating Donchian Channel for column: Ticker
[2025-06-30 12:35:00]  334 root - INFO - Donchian Channel calculation completed successfully
[2025-06-30 12:35:00]  364 root - INFO - All technical indicators applied successfully
[2025-06-30 12:35:00]  69 root - INFO - Converted boolean column Trend_Up to numeric
[2025-06-30 12:35:00]  91 root - INFO - Processed data shape: (3717, 64)
[2025-06-30 12:35:00]  162 root - INFO - Transformed ABB.NS: 1187 sequences, 949 train, 238 test
[2025-06-30 12:35:00]  162 root - INFO - Transformed ADANIGREEN.NS: 1187 sequences, 949 train, 238 test
[2025-06-30 12:35:00]  162 root - INFO - Transformed ADANIPORTS.NS: 1187 sequences, 949 train, 238 test
[2025-06-30 12:35:22]  157 tensorflow - WARNING - 5 out of the last 17 calls to <function TensorFlowTrainer.make_predict_function.<locals>.one_step_on_data_distributed at 0x0000023E56AC7EB0> triggered tf.function retracing. Tracing is expensive and the excessive number of tracings could be due to (1) creating @tf.function repeatedly in a loop, (2) passing tensors with different shapes, (3) passing Python objects instead of tensors. For (1), please define your @tf.function outside of the loop. For (2), @tf.function has reduce_retracing=True option that can avoid unnecessary retracing. For (3), please refer to https://www.tensorflow.org/guide/function#controlling_retracing and https://www.tensorflow.org/api_docs/python/tf/function for  more details.
[2025-06-30 12:35:22]  264 root - INFO - Evaluation results saved to C:\Users\katch\Desktop\projects\stock_portfolio\notebooks\Data\models
