[2025-06-30 12:57:39]  40 root - INFO - Loading and preparing data...
[2025-06-30 12:57:40]  33 root - INFO - Data loaded to DataFrame successfully
[2025-06-30 12:57:40]  344 root - INFO - Applying all technical indicators for column: Ticker
[2025-06-30 12:57:40]  32 root - INFO - Calculating SMA for column: Ticker
[2025-06-30 12:57:40]  37 root - INFO - SMA calculation completed successfully
[2025-06-30 12:57:40]  47 root - INFO - Calculating EMA for column: Ticker
[2025-06-30 12:57:40]  51 root - INFO - EMA calculation completed successfully
[2025-06-30 12:57:40]  61 root - INFO - Calculating Bollinger Bands for column: Ticker
[2025-06-30 12:57:40]  65 root - INFO - Bollinger Bands calculation completed successfully
[2025-06-30 12:57:40]  75 root - INFO - Calculating Pivot Points for column: Ticker
[2025-06-30 12:57:40]  89 root - INFO - Pivot Points calculation completed successfully
[2025-06-30 12:57:40]  99 root - INFO - Calculating Ichimoku Cloud for column: Ticker
[2025-06-30 12:57:40]  109 root - INFO - Ichimoku Cloud calculation completed successfully
[2025-06-30 12:57:40]  119 root - INFO - Calculating MACD for column: Ticker
[2025-06-30 12:57:40]  129 root - INFO - MACD calculation completed successfully
[2025-06-30 12:57:40]  139 root - INFO - Calculating RSI for column: Ticker
[2025-06-30 12:57:40]  151 root - INFO - RSI calculation completed successfully
[2025-06-30 12:57:40]  161 root - INFO - Calculating ATR for column: Ticker
[2025-06-30 12:57:41]  171 root - INFO - ATR calculation completed successfully
[2025-06-30 12:57:41]  181 root - INFO - Calculating Stochastic Oscillator for column: Ticker
[2025-06-30 12:57:41]  191 root - INFO - Stochastic Oscillator calculation completed successfully
[2025-06-30 12:57:41]  201 root - INFO - Calculating SAR for column: Ticker
[2025-06-30 12:57:42]  253 root - INFO - SAR calculation completed successfully
[2025-06-30 12:57:42]  287 root - INFO - Calculating Fibonacci Retracement for column: Ticker
[2025-06-30 12:57:42]  298 root - INFO - Fibonacci Retracement calculation completed successfully
[2025-06-30 12:57:42]  263 root - INFO - Calculating OBV for column: Ticker
[2025-06-30 12:57:43]  277 root - INFO - OBV calculation completed successfully
[2025-06-30 12:57:43]  308 root - INFO - Calculating Garman-Klass Volatility for column: Ticker
[2025-06-30 12:57:43]  317 root - INFO - Garman-Klass Volatility calculation completed successfully
[2025-06-30 12:57:43]  327 root - INFO - Calculating Donchian Channel for column: Ticker
[2025-06-30 12:57:43]  334 root - INFO - Donchian Channel calculation completed successfully
[2025-06-30 12:57:43]  364 root - INFO - All technical indicators applied successfully
[2025-06-30 12:57:43]  69 root - INFO - Converted boolean column Trend_Up to numeric
[2025-06-30 12:57:43]  94 root - WARNING - Dropped 23107 rows with NaNs in essential features.
[2025-06-30 12:57:43]  101 root - INFO - Processed data shape: (37604, 64)
[2025-06-30 12:57:44]  102 root - INFO - First 3 rows:
          Date  Ticker        Close         High          Low         Open  ...    Avg_Price  Volatility  log_open  log_close  log_high   log_low
199 2021-04-16  ABB.NS  1344.136353  1347.664889  1318.603371  1325.072374  ...  1333.869247    2.193202  7.189222   7.203507  7.206129  7.184328
200 2021-04-19  ABB.NS  1372.468262  1389.044297  1293.080176  1334.938464  ...  1347.382800    7.188655  7.196640   7.224366  7.236371  7.164782
201 2021-04-20  ABB.NS  1372.714111  1394.946665  1358.646548  1372.320590  ...  1374.656978    2.645163  7.224258   7.224545  7.240611  7.214244

[3 rows x 64 columns]
[2025-06-30 12:57:44]  177 root - INFO - Transformed ABB.NS: 962 sequences, 769 train, 193 test
[2025-06-30 12:57:44]  177 root - INFO - Transformed ADANIGREEN.NS: 962 sequences, 769 train, 193 test
[2025-06-30 12:57:44]  177 root - INFO - Transformed ADANIPORTS.NS: 962 sequences, 769 train, 193 test
[2025-06-30 12:57:44]  177 root - INFO - Transformed BANKBEES.NS: 962 sequences, 769 train, 193 test
[2025-06-30 12:57:44]  177 root - INFO - Transformed BEL.NS: 962 sequences, 769 train, 193 test
[2025-06-30 12:57:44]  177 root - INFO - Transformed BHEL.NS: 962 sequences, 769 train, 193 test
[2025-06-30 12:57:44]  177 root - INFO - Transformed CDSL.NS: 962 sequences, 769 train, 193 test
[2025-06-30 12:57:44]  177 root - INFO - Transformed CIPLA.NS: 962 sequences, 769 train, 193 test
[2025-06-30 12:57:44]  177 root - INFO - Transformed CPSEETF.NS: 962 sequences, 769 train, 193 test
[2025-06-30 12:57:44]  177 root - INFO - Transformed DRREDDY.NS: 962 sequences, 769 train, 193 test
[2025-06-30 12:57:44]  177 root - INFO - Transformed EXIDEIND.NS: 962 sequences, 769 train, 193 test
[2025-06-30 12:57:44]  177 root - INFO - Transformed GOLDBEES.NS: 962 sequences, 769 train, 193 test
[2025-06-30 12:57:44]  177 root - INFO - Transformed HAL.NS: 962 sequences, 769 train, 193 test
[2025-06-30 12:57:44]  177 root - INFO - Transformed HINDZINC.NS: 962 sequences, 769 train, 193 test
[2025-06-30 12:57:44]  177 root - INFO - Transformed IDEA.NS: 962 sequences, 769 train, 193 test
[2025-06-30 12:57:44]  177 root - INFO - Transformed JMFINANCIL.NS: 962 sequences, 769 train, 193 test
[2025-06-30 12:57:44]  177 root - INFO - Transformed JUNIORBEES.NS: 962 sequences, 769 train, 193 test
[2025-06-30 12:57:44]  177 root - INFO - Transformed KOLTEPATIL.NS: 962 sequences, 769 train, 193 test
[2025-06-30 12:57:44]  177 root - INFO - Transformed KOTAKBANK.NS: 961 sequences, 768 train, 193 test
[2025-06-30 12:57:44]  177 root - INFO - Transformed KPITTECH.NS: 962 sequences, 769 train, 193 test
[2025-06-30 12:57:44]  177 root - INFO - Transformed LAURUSLABS.NS: 962 sequences, 769 train, 193 test
[2025-06-30 12:57:44]  177 root - INFO - Transformed MID150BEES.NS: 208 sequences, 166 train, 42 test
[2025-06-30 12:57:44]  177 root - INFO - Transformed MON100.NS: 962 sequences, 769 train, 193 test
[2025-06-30 12:57:44]  177 root - INFO - Transformed MOTILALOFS.NS: 962 sequences, 769 train, 193 test
[2025-06-30 12:57:44]  177 root - INFO - Transformed NIFTYBEES.NS: 962 sequences, 769 train, 193 test
[2025-06-30 12:57:44]  177 root - INFO - Transformed NMDC.NS: 962 sequences, 769 train, 193 test
[2025-06-30 12:57:44]  177 root - INFO - Transformed PGEL.NS: 962 sequences, 769 train, 193 test
[2025-06-30 12:57:44]  177 root - INFO - Transformed PRAJIND.NS: 962 sequences, 769 train, 193 test
[2025-06-30 12:57:44]  177 root - INFO - Transformed RELIANCE.NS: 962 sequences, 769 train, 193 test
[2025-06-30 12:57:44]  177 root - INFO - Transformed SAIL.NS: 962 sequences, 769 train, 193 test
[2025-06-30 12:57:44]  177 root - INFO - Transformed SKIPPER.NS: 962 sequences, 769 train, 193 test
[2025-06-30 12:57:44]  177 root - INFO - Transformed SUZLON.NS: 962 sequences, 769 train, 193 test
[2025-06-30 12:57:44]  177 root - INFO - Transformed TATAMOTORS.NS: 962 sequences, 769 train, 193 test
[2025-06-30 12:57:44]  177 root - INFO - Transformed UTINEXT50.NS: 962 sequences, 769 train, 193 test
[2025-06-30 12:57:44]  177 root - INFO - Transformed VEDL.NS: 962 sequences, 769 train, 193 test
[2025-06-30 12:57:44]  177 root - INFO - Transformed YESBANK.NS: 962 sequences, 769 train, 193 test
[2025-06-30 12:57:44]  177 root - INFO - Transformed ZYDUSLIFE.NS: 962 sequences, 769 train, 193 test
[2025-06-30 12:57:44]  177 root - INFO - Transformed ^NSEI: 789 sequences, 631 train, 158 test
[2025-06-30 12:57:44]  45 root - INFO - Data prepared for 38 tickers
[2025-06-30 12:57:44]  51 root - INFO - Loading trained LSTM models and global metadata...
[2025-06-30 12:57:44]  33 root - INFO - Data loaded to DataFrame successfully
[2025-06-30 12:57:44]  344 root - INFO - Applying all technical indicators for column: Ticker
[2025-06-30 12:57:44]  32 root - INFO - Calculating SMA for column: Ticker
[2025-06-30 12:57:44]  37 root - INFO - SMA calculation completed successfully
[2025-06-30 12:57:44]  47 root - INFO - Calculating EMA for column: Ticker
[2025-06-30 12:57:44]  51 root - INFO - EMA calculation completed successfully
[2025-06-30 12:57:44]  61 root - INFO - Calculating Bollinger Bands for column: Ticker
[2025-06-30 12:57:45]  65 root - INFO - Bollinger Bands calculation completed successfully
[2025-06-30 12:57:45]  75 root - INFO - Calculating Pivot Points for column: Ticker
[2025-06-30 12:57:45]  89 root - INFO - Pivot Points calculation completed successfully
[2025-06-30 12:57:45]  99 root - INFO - Calculating Ichimoku Cloud for column: Ticker
[2025-06-30 12:57:45]  109 root - INFO - Ichimoku Cloud calculation completed successfully
[2025-06-30 12:57:45]  119 root - INFO - Calculating MACD for column: Ticker
[2025-06-30 12:57:45]  129 root - INFO - MACD calculation completed successfully
[2025-06-30 12:57:45]  139 root - INFO - Calculating RSI for column: Ticker
[2025-06-30 12:57:45]  151 root - INFO - RSI calculation completed successfully
[2025-06-30 12:57:45]  161 root - INFO - Calculating ATR for column: Ticker
[2025-06-30 12:57:45]  171 root - INFO - ATR calculation completed successfully
[2025-06-30 12:57:45]  181 root - INFO - Calculating Stochastic Oscillator for column: Ticker
[2025-06-30 12:57:45]  191 root - INFO - Stochastic Oscillator calculation completed successfully
[2025-06-30 12:57:45]  201 root - INFO - Calculating SAR for column: Ticker
[2025-06-30 12:57:46]  253 root - INFO - SAR calculation completed successfully
[2025-06-30 12:57:46]  287 root - INFO - Calculating Fibonacci Retracement for column: Ticker
[2025-06-30 12:57:47]  298 root - INFO - Fibonacci Retracement calculation completed successfully
[2025-06-30 12:57:47]  263 root - INFO - Calculating OBV for column: Ticker
[2025-06-30 12:57:48]  277 root - INFO - OBV calculation completed successfully
[2025-06-30 12:57:48]  308 root - INFO - Calculating Garman-Klass Volatility for column: Ticker
[2025-06-30 12:57:48]  317 root - INFO - Garman-Klass Volatility calculation completed successfully
[2025-06-30 12:57:48]  327 root - INFO - Calculating Donchian Channel for column: Ticker
[2025-06-30 12:57:48]  334 root - INFO - Donchian Channel calculation completed successfully
[2025-06-30 12:57:48]  364 root - INFO - All technical indicators applied successfully
[2025-06-30 12:57:48]  69 root - INFO - Converted boolean column Trend_Up to numeric
[2025-06-30 12:57:48]  94 root - WARNING - Dropped 23107 rows with NaNs in essential features.
[2025-06-30 12:57:48]  101 root - INFO - Processed data shape: (37604, 64)
[2025-06-30 12:57:48]  102 root - INFO - First 3 rows:
          Date  Ticker        Close         High          Low         Open  ...    Avg_Price  Volatility  log_open  log_close  log_high   log_low
199 2021-04-16  ABB.NS  1344.136353  1347.664889  1318.603371  1325.072374  ...  1333.869247    2.193202  7.189222   7.203507  7.206129  7.184328
200 2021-04-19  ABB.NS  1372.468262  1389.044297  1293.080176  1334.938464  ...  1347.382800    7.188655  7.196640   7.224366  7.236371  7.164782
201 2021-04-20  ABB.NS  1372.714111  1394.946665  1358.646548  1372.320590  ...  1374.656978    2.645163  7.224258   7.224545  7.240611  7.214244

[3 rows x 64 columns]
[2025-06-30 12:57:48]  177 root - INFO - Transformed ABB.NS: 962 sequences, 769 train, 193 test
[2025-06-30 12:57:48]  177 root - INFO - Transformed ADANIGREEN.NS: 962 sequences, 769 train, 193 test
[2025-06-30 12:57:48]  177 root - INFO - Transformed ADANIPORTS.NS: 962 sequences, 769 train, 193 test
[2025-06-30 12:57:48]  177 root - INFO - Transformed BANKBEES.NS: 962 sequences, 769 train, 193 test
[2025-06-30 12:57:48]  177 root - INFO - Transformed BEL.NS: 962 sequences, 769 train, 193 test
[2025-06-30 12:57:48]  177 root - INFO - Transformed BHEL.NS: 962 sequences, 769 train, 193 test
[2025-06-30 12:57:48]  177 root - INFO - Transformed CDSL.NS: 962 sequences, 769 train, 193 test
[2025-06-30 12:57:48]  177 root - INFO - Transformed CIPLA.NS: 962 sequences, 769 train, 193 test
[2025-06-30 12:57:48]  177 root - INFO - Transformed CPSEETF.NS: 962 sequences, 769 train, 193 test
[2025-06-30 12:57:48]  177 root - INFO - Transformed DRREDDY.NS: 962 sequences, 769 train, 193 test
[2025-06-30 12:57:48]  177 root - INFO - Transformed EXIDEIND.NS: 962 sequences, 769 train, 193 test
[2025-06-30 12:57:48]  177 root - INFO - Transformed GOLDBEES.NS: 962 sequences, 769 train, 193 test
[2025-06-30 12:57:48]  177 root - INFO - Transformed HAL.NS: 962 sequences, 769 train, 193 test
[2025-06-30 12:57:48]  177 root - INFO - Transformed HINDZINC.NS: 962 sequences, 769 train, 193 test
[2025-06-30 12:57:48]  177 root - INFO - Transformed IDEA.NS: 962 sequences, 769 train, 193 test
[2025-06-30 12:57:48]  177 root - INFO - Transformed JMFINANCIL.NS: 962 sequences, 769 train, 193 test
[2025-06-30 12:57:48]  177 root - INFO - Transformed JUNIORBEES.NS: 962 sequences, 769 train, 193 test
[2025-06-30 12:57:48]  177 root - INFO - Transformed KOLTEPATIL.NS: 962 sequences, 769 train, 193 test
[2025-06-30 12:57:48]  177 root - INFO - Transformed KOTAKBANK.NS: 961 sequences, 768 train, 193 test
[2025-06-30 12:57:48]  177 root - INFO - Transformed KPITTECH.NS: 962 sequences, 769 train, 193 test
[2025-06-30 12:57:48]  177 root - INFO - Transformed LAURUSLABS.NS: 962 sequences, 769 train, 193 test
[2025-06-30 12:57:48]  177 root - INFO - Transformed MID150BEES.NS: 208 sequences, 166 train, 42 test
[2025-06-30 12:57:48]  177 root - INFO - Transformed MON100.NS: 962 sequences, 769 train, 193 test
[2025-06-30 12:57:48]  177 root - INFO - Transformed MOTILALOFS.NS: 962 sequences, 769 train, 193 test
[2025-06-30 12:57:48]  177 root - INFO - Transformed NIFTYBEES.NS: 962 sequences, 769 train, 193 test
[2025-06-30 12:57:48]  177 root - INFO - Transformed NMDC.NS: 962 sequences, 769 train, 193 test
[2025-06-30 12:57:48]  177 root - INFO - Transformed PGEL.NS: 962 sequences, 769 train, 193 test
[2025-06-30 12:57:48]  177 root - INFO - Transformed PRAJIND.NS: 962 sequences, 769 train, 193 test
[2025-06-30 12:57:48]  177 root - INFO - Transformed RELIANCE.NS: 962 sequences, 769 train, 193 test
[2025-06-30 12:57:48]  177 root - INFO - Transformed SAIL.NS: 962 sequences, 769 train, 193 test
[2025-06-30 12:57:48]  177 root - INFO - Transformed SKIPPER.NS: 962 sequences, 769 train, 193 test
[2025-06-30 12:57:48]  177 root - INFO - Transformed SUZLON.NS: 962 sequences, 769 train, 193 test
[2025-06-30 12:57:48]  177 root - INFO - Transformed TATAMOTORS.NS: 962 sequences, 769 train, 193 test
[2025-06-30 12:57:48]  177 root - INFO - Transformed UTINEXT50.NS: 962 sequences, 769 train, 193 test
[2025-06-30 12:57:48]  177 root - INFO - Transformed VEDL.NS: 962 sequences, 769 train, 193 test
[2025-06-30 12:57:48]  177 root - INFO - Transformed YESBANK.NS: 962 sequences, 769 train, 193 test
[2025-06-30 12:57:49]  177 root - INFO - Transformed ZYDUSLIFE.NS: 962 sequences, 769 train, 193 test
[2025-06-30 12:57:49]  177 root - INFO - Transformed ^NSEI: 789 sequences, 631 train, 158 test
[2025-06-30 12:57:49]  74 root - INFO - Loaded model for ABB.NS
[2025-06-30 12:57:49]  74 root - INFO - Loaded model for ADANIGREEN.NS
[2025-06-30 12:57:49]  74 root - INFO - Loaded model for ADANIPORTS.NS
[2025-06-30 12:57:49]  74 root - INFO - Loaded model for BANKBEES.NS
[2025-06-30 12:57:49]  74 root - INFO - Loaded model for BEL.NS
[2025-06-30 12:57:49]  74 root - INFO - Loaded model for BHEL.NS
[2025-06-30 12:57:49]  74 root - INFO - Loaded model for CDSL.NS
[2025-06-30 12:57:49]  74 root - INFO - Loaded model for CIPLA.NS
[2025-06-30 12:57:49]  74 root - INFO - Loaded model for CPSEETF.NS
[2025-06-30 12:57:49]  74 root - INFO - Loaded model for DRREDDY.NS
[2025-06-30 12:57:49]  74 root - INFO - Loaded model for EXIDEIND.NS
[2025-06-30 12:57:49]  74 root - INFO - Loaded model for GOLDBEES.NS
[2025-06-30 12:57:50]  74 root - INFO - Loaded model for HAL.NS
[2025-06-30 12:57:50]  74 root - INFO - Loaded model for HINDZINC.NS
[2025-06-30 12:57:50]  74 root - INFO - Loaded model for IDEA.NS
[2025-06-30 12:57:50]  74 root - INFO - Loaded model for JMFINANCIL.NS
[2025-06-30 12:57:50]  74 root - INFO - Loaded model for JUNIORBEES.NS
[2025-06-30 12:57:50]  74 root - INFO - Loaded model for KOLTEPATIL.NS
[2025-06-30 12:57:50]  74 root - INFO - Loaded model for KOTAKBANK.NS
[2025-06-30 12:57:50]  74 root - INFO - Loaded model for KPITTECH.NS
[2025-06-30 12:57:50]  74 root - INFO - Loaded model for LAURUSLABS.NS
[2025-06-30 12:57:50]  74 root - INFO - Loaded model for MID150BEES.NS
[2025-06-30 12:57:50]  74 root - INFO - Loaded model for MON100.NS
[2025-06-30 12:57:50]  74 root - INFO - Loaded model for MOTILALOFS.NS
[2025-06-30 12:57:50]  74 root - INFO - Loaded model for NIFTYBEES.NS
[2025-06-30 12:57:50]  74 root - INFO - Loaded model for NMDC.NS
[2025-06-30 12:57:51]  74 root - INFO - Loaded model for PGEL.NS
[2025-06-30 12:57:51]  74 root - INFO - Loaded model for PRAJIND.NS
[2025-06-30 12:57:51]  74 root - INFO - Loaded model for RELIANCE.NS
[2025-06-30 12:57:51]  74 root - INFO - Loaded model for SAIL.NS
[2025-06-30 12:57:51]  74 root - INFO - Loaded model for SKIPPER.NS
[2025-06-30 12:57:51]  74 root - INFO - Loaded model for SUZLON.NS
[2025-06-30 12:57:51]  74 root - INFO - Loaded model for TATAMOTORS.NS
[2025-06-30 12:57:51]  74 root - INFO - Loaded model for UTINEXT50.NS
[2025-06-30 12:57:51]  74 root - INFO - Loaded model for VEDL.NS
[2025-06-30 12:57:51]  74 root - INFO - Loaded model for YESBANK.NS
[2025-06-30 12:57:51]  74 root - INFO - Loaded model for ZYDUSLIFE.NS
[2025-06-30 12:57:52]  157 tensorflow - WARNING - 5 out of the last 5 calls to <function TensorFlowTrainer.make_predict_function.<locals>.one_step_on_data_distributed at 0x000001B789D16E60> triggered tf.function retracing. Tracing is expensive and the excessive number of tracings could be due to (1) creating @tf.function repeatedly in a loop, (2) passing tensors with different shapes, (3) passing Python objects instead of tensors. For (1), please define your @tf.function outside of the loop. For (2), @tf.function has reduce_retracing=True option that can avoid unnecessary retracing. For (3), please refer to https://www.tensorflow.org/guide/function#controlling_retracing and https://www.tensorflow.org/api_docs/python/tf/function for  more details.
[2025-06-30 12:57:52]  157 tensorflow - WARNING - 6 out of the last 6 calls to <function TensorFlowTrainer.make_predict_function.<locals>.one_step_on_data_distributed at 0x000001B78C3F8430> triggered tf.function retracing. Tracing is expensive and the excessive number of tracings could be due to (1) creating @tf.function repeatedly in a loop, (2) passing tensors with different shapes, (3) passing Python objects instead of tensors. For (1), please define your @tf.function outside of the loop. For (2), @tf.function has reduce_retracing=True option that can avoid unnecessary retracing. For (3), please refer to https://www.tensorflow.org/guide/function#controlling_retracing and https://www.tensorflow.org/api_docs/python/tf/function for  more details.
