[2025-06-30 10:46:51]  38 root - INFO - Reading data from C:\Users\katch\Desktop\projects\stock_portfolio\notebooks\Data\un_processed_data\stock_price_with_indicators.csv
[2025-06-30 10:46:52]  40 root - INFO - Data shape: (60711, 50)
[2025-06-30 10:46:52]  70 root - INFO - Processed data shape: (55444, 59)
[2025-06-30 10:46:52]  299 __main__ - INFO - Training on ALL 49 stocks: ['ABB.NS', 'ADANIGREEN.NS', 'ADANIPORTS.NS', 'BANKBEES.NS', 'BEL.NS', 'BHEL.NS', 'CDSL.NS', 'CIPLA.NS', 'CPSEETF.NS', 'DRREDDY.NS', 'EXIDEIND.NS', 'GOLDBEES.NS', 'HAL.NS', 'HDFCSML250.NS', 'HINDZINC.NS', 'IDEA.NS', 'IRFC.NS', 'ITBEES.NS', 'JIOFIN.NS', 'JMFINANCIL.NS', 'JUNIORBEES.NS', 'KAYNES.NS', 'KOLTEPATIL.NS', 'KOTAKBANK.NS', 'KPITTECH.NS', 'LAURUSLABS.NS', 'MAHKTECH.NS', 'MASPTOP50.NS', 'MID150BEES.NS', 'MODEFENCE.NS', 'MON100.NS', 'MOTILALOFS.NS', 'NIFTYBEES.NS', 'NMDC.NS', 'PAYTM.NS', 'PGEL.NS', 'PHARMABEES.NS', 'PRAJIND.NS', 'PSUBNKIETF.NS', 'RELIANCE.NS', 'SAIL.NS', 'SKIPPER.NS', 'SUZLON.NS', 'TATAMOTORS.NS', 'UTINEXT50.NS', 'VEDL.NS', 'YESBANK.NS', 'ZYDUSLIFE.NS', '^NSEI']
[2025-06-30 10:46:52]  137 root - INFO - Transformed ABB.NS: 1187 sequences, 949 train, 238 test
[2025-06-30 10:46:52]  137 root - INFO - Transformed ADANIGREEN.NS: 1186 sequences, 948 train, 238 test
[2025-06-30 10:46:52]  137 root - INFO - Transformed ADANIPORTS.NS: 1187 sequences, 949 train, 238 test
[2025-06-30 10:46:52]  137 root - INFO - Transformed BANKBEES.NS: 1187 sequences, 949 train, 238 test
[2025-06-30 10:46:52]  137 root - INFO - Transformed BEL.NS: 1187 sequences, 949 train, 238 test
[2025-06-30 10:46:52]  137 root - INFO - Transformed BHEL.NS: 1186 sequences, 948 train, 238 test
[2025-06-30 10:46:52]  137 root - INFO - Transformed CDSL.NS: 1187 sequences, 949 train, 238 test
[2025-06-30 10:46:52]  137 root - INFO - Transformed CIPLA.NS: 1187 sequences, 949 train, 238 test
[2025-06-30 10:46:52]  137 root - INFO - Transformed CPSEETF.NS: 1187 sequences, 949 train, 238 test
[2025-06-30 10:46:52]  137 root - INFO - Transformed DRREDDY.NS: 1187 sequences, 949 train, 238 test
[2025-06-30 10:46:52]  137 root - INFO - Transformed EXIDEIND.NS: 1187 sequences, 949 train, 238 test
[2025-06-30 10:46:52]  137 root - INFO - Transformed GOLDBEES.NS: 1187 sequences, 949 train, 238 test
[2025-06-30 10:46:52]  137 root - INFO - Transformed HAL.NS: 1186 sequences, 948 train, 238 test
[2025-06-30 10:46:52]  137 root - INFO - Transformed HDFCSML250.NS: 527 sequences, 421 train, 106 test
[2025-06-30 10:46:52]  137 root - INFO - Transformed HINDZINC.NS: 1187 sequences, 949 train, 238 test
[2025-06-30 10:46:52]  137 root - INFO - Transformed IDEA.NS: 1187 sequences, 949 train, 238 test
[2025-06-30 10:46:52]  137 root - INFO - Transformed IRFC.NS: 1039 sequences, 831 train, 208 test
[2025-06-30 10:46:52]  137 root - INFO - Transformed ITBEES.NS: 1163 sequences, 930 train, 233 test
[2025-06-30 10:46:52]  137 root - INFO - Transformed JIOFIN.NS: 401 sequences, 320 train, 81 test
[2025-06-30 10:46:52]  137 root - INFO - Transformed JMFINANCIL.NS: 1187 sequences, 949 train, 238 test
[2025-06-30 10:46:52]  137 root - INFO - Transformed JUNIORBEES.NS: 1187 sequences, 949 train, 238 test
[2025-06-30 10:46:52]  137 root - INFO - Transformed KAYNES.NS: 590 sequences, 472 train, 118 test
[2025-06-30 10:46:52]  137 root - INFO - Transformed KOLTEPATIL.NS: 1187 sequences, 949 train, 238 test
[2025-06-30 10:46:52]  137 root - INFO - Transformed KOTAKBANK.NS: 1187 sequences, 949 train, 238 test
[2025-06-30 10:46:52]  137 root - INFO - Transformed KPITTECH.NS: 1187 sequences, 949 train, 238 test
[2025-06-30 10:46:52]  137 root - INFO - Transformed LAURUSLABS.NS: 1187 sequences, 949 train, 238 test
[2025-06-30 10:46:52]  137 root - INFO - Transformed MAHKTECH.NS: 826 sequences, 660 train, 166 test
[2025-06-30 10:46:52]  137 root - INFO - Transformed MASPTOP50.NS: 878 sequences, 702 train, 176 test
[2025-06-30 10:46:52]  137 root - INFO - Transformed MID150BEES.NS: 1165 sequences, 932 train, 233 test
[2025-06-30 10:46:52]  137 root - INFO - Transformed MODEFENCE.NS: 155 sequences, 124 train, 31 test
[2025-06-30 10:46:52]  137 root - INFO - Transformed MON100.NS: 1187 sequences, 949 train, 238 test
[2025-06-30 10:46:52]  137 root - INFO - Transformed MOTILALOFS.NS: 1187 sequences, 949 train, 238 test
[2025-06-30 10:46:52]  137 root - INFO - Transformed NIFTYBEES.NS: 1187 sequences, 949 train, 238 test
[2025-06-30 10:46:52]  137 root - INFO - Transformed NMDC.NS: 1186 sequences, 948 train, 238 test
[2025-06-30 10:46:52]  137 root - INFO - Transformed PAYTM.NS: 840 sequences, 672 train, 168 test
[2025-06-30 10:46:52]  137 root - INFO - Transformed PGEL.NS: 1187 sequences, 949 train, 238 test
[2025-06-30 10:46:52]  137 root - INFO - Transformed PHARMABEES.NS: 913 sequences, 730 train, 183 test
[2025-06-30 10:46:53]  137 root - INFO - Transformed PRAJIND.NS: 1187 sequences, 949 train, 238 test
[2025-06-30 10:46:53]  137 root - INFO - Transformed PSUBNKIETF.NS: 489 sequences, 391 train, 98 test
[2025-06-30 10:46:53]  137 root - INFO - Transformed RELIANCE.NS: 1186 sequences, 948 train, 238 test
[2025-06-30 10:46:53]  137 root - INFO - Transformed SAIL.NS: 1187 sequences, 949 train, 238 test
[2025-06-30 10:46:53]  137 root - INFO - Transformed SKIPPER.NS: 1187 sequences, 949 train, 238 test
[2025-06-30 10:46:53]  137 root - INFO - Transformed SUZLON.NS: 1187 sequences, 949 train, 238 test
[2025-06-30 10:46:53]  137 root - INFO - Transformed TATAMOTORS.NS: 1187 sequences, 949 train, 238 test
[2025-06-30 10:46:53]  137 root - INFO - Transformed UTINEXT50.NS: 1187 sequences, 949 train, 238 test
[2025-06-30 10:46:53]  137 root - INFO - Transformed VEDL.NS: 1187 sequences, 949 train, 238 test
[2025-06-30 10:46:53]  137 root - INFO - Transformed YESBANK.NS: 1186 sequences, 948 train, 238 test
[2025-06-30 10:46:53]  137 root - INFO - Transformed ZYDUSLIFE.NS: 1187 sequences, 949 train, 238 test
[2025-06-30 10:46:53]  137 root - INFO - Transformed ^NSEI: 1184 sequences, 947 train, 237 test
[2025-06-30 10:47:04]  185 root - INFO - Trained model for ABB.NS
[2025-06-30 10:47:14]  185 root - INFO - Trained model for ADANIGREEN.NS
[2025-06-30 10:47:25]  185 root - INFO - Trained model for ADANIPORTS.NS
[2025-06-30 10:47:36]  185 root - INFO - Trained model for BANKBEES.NS
[2025-06-30 10:47:46]  185 root - INFO - Trained model for BEL.NS
[2025-06-30 10:47:57]  185 root - INFO - Trained model for BHEL.NS
[2025-06-30 10:48:08]  185 root - INFO - Trained model for CDSL.NS
[2025-06-30 10:48:18]  185 root - INFO - Trained model for CIPLA.NS
[2025-06-30 10:48:29]  185 root - INFO - Trained model for CPSEETF.NS
[2025-06-30 10:48:41]  185 root - INFO - Trained model for DRREDDY.NS
[2025-06-30 10:48:53]  185 root - INFO - Trained model for EXIDEIND.NS
[2025-06-30 10:49:05]  185 root - INFO - Trained model for GOLDBEES.NS
[2025-06-30 10:49:17]  185 root - INFO - Trained model for HAL.NS
[2025-06-30 10:49:25]  185 root - INFO - Trained model for HDFCSML250.NS
[2025-06-30 10:49:36]  185 root - INFO - Trained model for HINDZINC.NS
[2025-06-30 10:49:47]  185 root - INFO - Trained model for IDEA.NS
[2025-06-30 10:50:00]  185 root - INFO - Trained model for IRFC.NS
[2025-06-30 10:50:06]  185 root - INFO - Trained model for ITBEES.NS
[2025-06-30 10:50:09]  185 root - INFO - Trained model for JIOFIN.NS
[2025-06-30 10:50:20]  185 root - INFO - Trained model for JMFINANCIL.NS
[2025-06-30 10:50:30]  185 root - INFO - Trained model for JUNIORBEES.NS
[2025-06-30 10:50:36]  185 root - INFO - Trained model for KAYNES.NS
[2025-06-30 10:50:46]  185 root - INFO - Trained model for KOLTEPATIL.NS
[2025-06-30 10:50:56]  185 root - INFO - Trained model for KOTAKBANK.NS
[2025-06-30 10:51:06]  185 root - INFO - Trained model for KPITTECH.NS
[2025-06-30 10:51:17]  185 root - INFO - Trained model for LAURUSLABS.NS
[2025-06-30 10:51:26]  185 root - INFO - Trained model for MAHKTECH.NS
[2025-06-30 10:51:35]  185 root - INFO - Trained model for MASPTOP50.NS
[2025-06-30 10:51:41]  185 root - INFO - Trained model for MID150BEES.NS
[2025-06-30 10:51:45]  185 root - INFO - Trained model for MODEFENCE.NS
[2025-06-30 10:51:57]  185 root - INFO - Trained model for MON100.NS
[2025-06-30 10:52:08]  185 root - INFO - Trained model for MOTILALOFS.NS
[2025-06-30 10:52:20]  185 root - INFO - Trained model for NIFTYBEES.NS
[2025-06-30 10:52:33]  185 root - INFO - Trained model for NMDC.NS
[2025-06-30 10:52:44]  185 root - INFO - Trained model for PAYTM.NS
[2025-06-30 10:52:54]  185 root - INFO - Trained model for PGEL.NS
[2025-06-30 10:52:59]  185 root - INFO - Trained model for PHARMABEES.NS
[2025-06-30 10:53:09]  185 root - INFO - Trained model for PRAJIND.NS
[2025-06-30 10:53:13]  185 root - INFO - Trained model for PSUBNKIETF.NS
[2025-06-30 10:53:23]  185 root - INFO - Trained model for RELIANCE.NS
[2025-06-30 10:53:34]  185 root - INFO - Trained model for SAIL.NS
[2025-06-30 10:53:44]  185 root - INFO - Trained model for SKIPPER.NS
[2025-06-30 10:53:54]  185 root - INFO - Trained model for SUZLON.NS
[2025-06-30 10:54:04]  185 root - INFO - Trained model for TATAMOTORS.NS
[2025-06-30 10:54:13]  185 root - INFO - Trained model for UTINEXT50.NS
