[2025-06-30 11:45:00]  29 root - INFO - Starting stock data collection process
[2025-06-30 11:45:00]  36 root - INFO - Reading Excel file from: C:\Users\katch\Desktop\projects\stock_portfolio\notebooks\Data\processed_data\stock_list.xlsx
[2025-06-30 11:45:00]  49 root - INFO - Found 47 stock symbols in Excel file
[2025-06-30 11:45:00]  54 root - INFO - Total symbols to download: 53
[2025-06-30 11:45:00]  59 root - INFO - Downloading data from 2020-07-01 to 2025-06-30
[2025-06-30 11:45:00]  62 root - INFO - Downloading stock data from Yahoo Finance...
[2025-06-30 11:45:03]  70 root - INFO - Processing downloaded data...
[2025-06-30 11:45:03]  92 root - INFO - Saving data to CSV: C:\Users\katch\Desktop\projects\stock_portfolio\notebooks\Data\processed_data\stock_price_data.csv
[2025-06-30 11:45:03]  95 root - INFO - Data collection completed successfully. CSV saved to: C:\Users\katch\Desktop\projects\stock_portfolio\notebooks\Data\processed_data\stock_price_data.csv
[2025-06-30 11:45:03]  96 root - INFO - Total records: 60711
[2025-06-30 11:45:03]  97 root - INFO - Unique tickers: 49
[2025-06-30 11:45:03]  387 root - INFO - Loading data from C:\Users\katch\Desktop\projects\stock_portfolio\notebooks\Data\processed_data\stock_price_data.csv
[2025-06-30 11:45:03]  19 root - INFO - Data loaded successfully from C:\Users\katch\Desktop\projects\stock_portfolio\notebooks\Data\processed_data\stock_price_data.csv
[2025-06-30 11:45:03]  344 root - INFO - Applying all technical indicators for column: Ticker
[2025-06-30 11:45:03]  32 root - INFO - Calculating SMA for column: Ticker
[2025-06-30 11:45:03]  37 root - INFO - SMA calculation completed successfully
[2025-06-30 11:45:03]  47 root - INFO - Calculating EMA for column: Ticker
[2025-06-30 11:45:03]  51 root - INFO - EMA calculation completed successfully
[2025-06-30 11:45:03]  61 root - INFO - Calculating Bollinger Bands for column: Ticker
[2025-06-30 11:45:03]  65 root - INFO - Bollinger Bands calculation completed successfully
[2025-06-30 11:45:03]  75 root - INFO - Calculating Pivot Points for column: Ticker
[2025-06-30 11:45:03]  89 root - INFO - Pivot Points calculation completed successfully
[2025-06-30 11:45:03]  99 root - INFO - Calculating Ichimoku Cloud for column: Ticker
[2025-06-30 11:45:03]  109 root - INFO - Ichimoku Cloud calculation completed successfully
[2025-06-30 11:45:03]  119 root - INFO - Calculating MACD for column: Ticker
[2025-06-30 11:45:04]  129 root - INFO - MACD calculation completed successfully
[2025-06-30 11:45:04]  139 root - INFO - Calculating RSI for column: Ticker
[2025-06-30 11:45:04]  151 root - INFO - RSI calculation completed successfully
[2025-06-30 11:45:04]  161 root - INFO - Calculating ATR for column: Ticker
[2025-06-30 11:45:04]  171 root - INFO - ATR calculation completed successfully
[2025-06-30 11:45:04]  181 root - INFO - Calculating Stochastic Oscillator for column: Ticker
[2025-06-30 11:45:04]  191 root - INFO - Stochastic Oscillator calculation completed successfully
[2025-06-30 11:45:04]  201 root - INFO - Calculating SAR for column: Ticker
[2025-06-30 11:45:06]  253 root - INFO - SAR calculation completed successfully
[2025-06-30 11:45:06]  287 root - INFO - Calculating Fibonacci Retracement for column: Ticker
[2025-06-30 11:45:06]  298 root - INFO - Fibonacci Retracement calculation completed successfully
[2025-06-30 11:45:06]  263 root - INFO - Calculating OBV for column: Ticker
[2025-06-30 11:45:07]  277 root - INFO - OBV calculation completed successfully
[2025-06-30 11:45:07]  308 root - INFO - Calculating Garman-Klass Volatility for column: Ticker
[2025-06-30 11:45:07]  317 root - INFO - Garman-Klass Volatility calculation completed successfully
[2025-06-30 11:45:07]  327 root - INFO - Calculating Donchian Channel for column: Ticker
[2025-06-30 11:45:07]  334 root - INFO - Donchian Channel calculation completed successfully
[2025-06-30 11:45:07]  364 root - INFO - All technical indicators applied successfully
[2025-06-30 11:45:10]  396 root - INFO - Data with indicators saved to C:\Users\katch\Desktop\projects\stock_portfolio\notebooks\Data\un_processed_data\stock_price_with_indicators.csv
[2025-06-30 11:45:10]  33 root - INFO - Data loaded to DataFrame successfully
[2025-06-30 11:45:10]  344 root - INFO - Applying all technical indicators for column: Ticker
[2025-06-30 11:45:10]  32 root - INFO - Calculating SMA for column: Ticker
[2025-06-30 11:45:10]  37 root - INFO - SMA calculation completed successfully
[2025-06-30 11:45:10]  47 root - INFO - Calculating EMA for column: Ticker
[2025-06-30 11:45:10]  51 root - INFO - EMA calculation completed successfully
[2025-06-30 11:45:10]  61 root - INFO - Calculating Bollinger Bands for column: Ticker
[2025-06-30 11:45:10]  65 root - INFO - Bollinger Bands calculation completed successfully
[2025-06-30 11:45:10]  75 root - INFO - Calculating Pivot Points for column: Ticker
[2025-06-30 11:45:10]  89 root - INFO - Pivot Points calculation completed successfully
[2025-06-30 11:45:11]  99 root - INFO - Calculating Ichimoku Cloud for column: Ticker
[2025-06-30 11:45:11]  109 root - INFO - Ichimoku Cloud calculation completed successfully
[2025-06-30 11:45:11]  119 root - INFO - Calculating MACD for column: Ticker
[2025-06-30 11:45:11]  129 root - INFO - MACD calculation completed successfully
[2025-06-30 11:45:11]  139 root - INFO - Calculating RSI for column: Ticker
[2025-06-30 11:45:11]  151 root - INFO - RSI calculation completed successfully
[2025-06-30 11:45:11]  161 root - INFO - Calculating ATR for column: Ticker
[2025-06-30 11:45:11]  171 root - INFO - ATR calculation completed successfully
[2025-06-30 11:45:11]  181 root - INFO - Calculating Stochastic Oscillator for column: Ticker
[2025-06-30 11:45:11]  191 root - INFO - Stochastic Oscillator calculation completed successfully
[2025-06-30 11:45:11]  201 root - INFO - Calculating SAR for column: Ticker
[2025-06-30 11:45:11]  253 root - INFO - SAR calculation completed successfully
[2025-06-30 11:45:11]  287 root - INFO - Calculating Fibonacci Retracement for column: Ticker
[2025-06-30 11:45:11]  298 root - INFO - Fibonacci Retracement calculation completed successfully
[2025-06-30 11:45:11]  263 root - INFO - Calculating OBV for column: Ticker
[2025-06-30 11:45:11]  277 root - INFO - OBV calculation completed successfully
[2025-06-30 11:45:11]  308 root - INFO - Calculating Garman-Klass Volatility for column: Ticker
[2025-06-30 11:45:11]  317 root - INFO - Garman-Klass Volatility calculation completed successfully
[2025-06-30 11:45:11]  327 root - INFO - Calculating Donchian Channel for column: Ticker
[2025-06-30 11:45:11]  334 root - INFO - Donchian Channel calculation completed successfully
[2025-06-30 11:45:11]  364 root - INFO - All technical indicators applied successfully
[2025-06-30 11:45:11]  77 root - INFO - Converted boolean column Trend_Up to numeric
[2025-06-30 11:45:11]  83 root - INFO - Processed data shape: (3717, 64)
[2025-06-30 11:45:11]  148 root - INFO - Transformed ABB.NS: 1187 sequences, 949 train, 238 test
[2025-06-30 11:45:11]  148 root - INFO - Transformed ADANIGREEN.NS: 1187 sequences, 949 train, 238 test
[2025-06-30 11:45:11]  148 root - INFO - Transformed ADANIPORTS.NS: 1187 sequences, 949 train, 238 test
[2025-06-30 11:45:33]  157 tensorflow - WARNING - 5 out of the last 17 calls to <function TensorFlowTrainer.make_predict_function.<locals>.one_step_on_data_distributed at 0x0000018E784140D0> triggered tf.function retracing. Tracing is expensive and the excessive number of tracings could be due to (1) creating @tf.function repeatedly in a loop, (2) passing tensors with different shapes, (3) passing Python objects instead of tensors. For (1), please define your @tf.function outside of the loop. For (2), @tf.function has reduce_retracing=True option that can avoid unnecessary retracing. For (3), please refer to https://www.tensorflow.org/guide/function#controlling_retracing and https://www.tensorflow.org/api_docs/python/tf/function for  more details.
[2025-06-30 11:45:33]  252 root - INFO - Evaluation results saved to C:\Users\katch\Desktop\projects\stock_portfolio\notebooks\Data\models
