[2025-06-29 21:54:18]  35 root - INFO - \U0001f680 Starting stock prediction training pipeline...
[2025-06-29 21:54:18]  38 root - INFO - \U0001f4e5 Step 1: Collecting stock data...
[2025-06-29 21:54:18]  29 root - INFO - Starting stock data collection process
[2025-06-29 21:54:18]  36 root - INFO - Reading Excel file from: C:\Users\katch\Desktop\projects\stock_portfolio\notebooks\Data\processed_data\stock_list.xlsx
[2025-06-29 21:54:18]  49 root - INFO - Found 47 stock symbols in Excel file
[2025-06-29 21:54:18]  54 root - INFO - Total symbols to download: 53
[2025-06-29 21:54:18]  59 root - INFO - Downloading data from 2020-06-30 to 2025-06-29
[2025-06-29 21:54:18]  62 root - INFO - Downloading stock data from Yahoo Finance...
[2025-06-29 21:54:20]  70 root - INFO - Processing downloaded data...
[2025-06-29 21:54:20]  92 root - INFO - Saving data to CSV: C:\Users\katch\Desktop\projects\stock_portfolio\notebooks\Data\processed_data\stock_price_data.csv
[2025-06-29 21:54:21]  95 root - INFO - Data collection completed successfully. CSV saved to: C:\Users\katch\Desktop\projects\stock_portfolio\notebooks\Data\processed_data\stock_price_data.csv
[2025-06-29 21:54:21]  96 root - INFO - Total records: 60711
[2025-06-29 21:54:21]  97 root - INFO - Unique tickers: 49
[2025-06-29 21:54:21]  40 root - INFO - \u2705 Stock price data collected.
[2025-06-29 21:54:21]  43 root - INFO - \u2699\ufe0f Step 2: Adding technical indicators...
[2025-06-29 21:54:21]  387 root - INFO - Loading data from C:\Users\katch\Desktop\projects\stock_portfolio\notebooks\Data\processed_data\stock_price_data.csv
[2025-06-29 21:54:21]  19 root - INFO - Data loaded successfully from C:\Users\katch\Desktop\projects\stock_portfolio\notebooks\Data\processed_data\stock_price_data.csv
[2025-06-29 21:54:21]  344 root - INFO - Applying all technical indicators for column: Ticker
[2025-06-29 21:54:21]  32 root - INFO - Calculating SMA for column: Ticker
[2025-06-29 21:54:21]  37 root - INFO - SMA calculation completed successfully
[2025-06-29 21:54:21]  47 root - INFO - Calculating EMA for column: Ticker
[2025-06-29 21:54:21]  51 root - INFO - EMA calculation completed successfully
[2025-06-29 21:54:21]  61 root - INFO - Calculating Bollinger Bands for column: Ticker
[2025-06-29 21:54:21]  65 root - INFO - Bollinger Bands calculation completed successfully
[2025-06-29 21:54:21]  75 root - INFO - Calculating Pivot Points for column: Ticker
[2025-06-29 21:54:21]  89 root - INFO - Pivot Points calculation completed successfully
[2025-06-29 21:54:21]  99 root - INFO - Calculating Ichimoku Cloud for column: Ticker
[2025-06-29 21:54:21]  109 root - INFO - Ichimoku Cloud calculation completed successfully
[2025-06-29 21:54:21]  119 root - INFO - Calculating MACD for column: Ticker
[2025-06-29 21:54:21]  129 root - INFO - MACD calculation completed successfully
[2025-06-29 21:54:21]  139 root - INFO - Calculating RSI for column: Ticker
[2025-06-29 21:54:21]  151 root - INFO - RSI calculation completed successfully
[2025-06-29 21:54:21]  161 root - INFO - Calculating ATR for column: Ticker
[2025-06-29 21:54:22]  171 root - INFO - ATR calculation completed successfully
[2025-06-29 21:54:22]  181 root - INFO - Calculating Stochastic Oscillator for column: Ticker
[2025-06-29 21:54:22]  191 root - INFO - Stochastic Oscillator calculation completed successfully
[2025-06-29 21:54:22]  201 root - INFO - Calculating SAR for column: Ticker
[2025-06-29 21:54:23]  253 root - INFO - SAR calculation completed successfully
[2025-06-29 21:54:23]  287 root - INFO - Calculating Fibonacci Retracement for column: Ticker
[2025-06-29 21:54:23]  298 root - INFO - Fibonacci Retracement calculation completed successfully
[2025-06-29 21:54:23]  263 root - INFO - Calculating OBV for column: Ticker
[2025-06-29 21:54:25]  277 root - INFO - OBV calculation completed successfully
[2025-06-29 21:54:25]  308 root - INFO - Calculating Garman-Klass Volatility for column: Ticker
[2025-06-29 21:54:25]  317 root - INFO - Garman-Klass Volatility calculation completed successfully
[2025-06-29 21:54:25]  327 root - INFO - Calculating Donchian Channel for column: Ticker
[2025-06-29 21:54:25]  334 root - INFO - Donchian Channel calculation completed successfully
[2025-06-29 21:54:25]  364 root - INFO - All technical indicators applied successfully
[2025-06-29 21:54:28]  398 root - INFO - Data with indicators saved to C:\Users\katch\Desktop\projects\stock_portfolio\notebooks\Data\un_processed_data\stock_price_with_indicators.csv
[2025-06-29 21:54:28]  45 root - INFO - \u2705 Technical indicators added.
[2025-06-29 21:54:28]  48 root - INFO - \U0001f916 Step 3: Training LSTM models...
[2025-06-29 21:54:28]  30 root - INFO - Data loaded to DataFrame successfully
[2025-06-29 21:54:28]  68 root - INFO - Column processing completed
[2025-06-29 21:54:28]  133 root - INFO - Transformed ABB.NS: 1187 sequences, 949 train, 238 test
[2025-06-29 21:54:28]  133 root - INFO - Transformed ADANIGREEN.NS: 1187 sequences, 949 train, 238 test
[2025-06-29 21:54:28]  133 root - INFO - Transformed ADANIPORTS.NS: 1187 sequences, 949 train, 238 test
[2025-06-29 21:54:28]  133 root - INFO - Transformed BANKBEES.NS: 1187 sequences, 949 train, 238 test
[2025-06-29 21:54:28]  133 root - INFO - Transformed BEL.NS: 1187 sequences, 949 train, 238 test
[2025-06-29 21:54:28]  133 root - INFO - Transformed BHEL.NS: 1187 sequences, 949 train, 238 test
[2025-06-29 21:54:28]  133 root - INFO - Transformed CDSL.NS: 1187 sequences, 949 train, 238 test
[2025-06-29 21:54:28]  133 root - INFO - Transformed CIPLA.NS: 1187 sequences, 949 train, 238 test
[2025-06-29 21:54:28]  133 root - INFO - Transformed CPSEETF.NS: 1187 sequences, 949 train, 238 test
[2025-06-29 21:54:28]  133 root - INFO - Transformed DRREDDY.NS: 1187 sequences, 949 train, 238 test
[2025-06-29 21:54:28]  133 root - INFO - Transformed EXIDEIND.NS: 1187 sequences, 949 train, 238 test
[2025-06-29 21:54:28]  133 root - INFO - Transformed GOLDBEES.NS: 1187 sequences, 949 train, 238 test
[2025-06-29 21:54:28]  133 root - INFO - Transformed HAL.NS: 1187 sequences, 949 train, 238 test
[2025-06-29 21:54:28]  133 root - INFO - Transformed HDFCSML250.NS: 526 sequences, 420 train, 106 test
[2025-06-29 21:54:28]  133 root - INFO - Transformed HINDZINC.NS: 1187 sequences, 949 train, 238 test
[2025-06-29 21:54:28]  133 root - INFO - Transformed IDEA.NS: 1187 sequences, 949 train, 238 test
[2025-06-29 21:54:28]  133 root - INFO - Transformed IRFC.NS: 1038 sequences, 830 train, 208 test
[2025-06-29 21:54:28]  133 root - INFO - Transformed ITBEES.NS: 1162 sequences, 929 train, 233 test
[2025-06-29 21:54:28]  133 root - INFO - Transformed JIOFIN.NS: 401 sequences, 320 train, 81 test
[2025-06-29 21:54:29]  133 root - INFO - Transformed JMFINANCIL.NS: 1187 sequences, 949 train, 238 test
[2025-06-29 21:54:29]  133 root - INFO - Transformed JUNIORBEES.NS: 1187 sequences, 949 train, 238 test
[2025-06-29 21:54:29]  133 root - INFO - Transformed KAYNES.NS: 590 sequences, 472 train, 118 test
[2025-06-29 21:54:29]  133 root - INFO - Transformed KOLTEPATIL.NS: 1187 sequences, 949 train, 238 test
[2025-06-29 21:54:29]  133 root - INFO - Transformed KOTAKBANK.NS: 1187 sequences, 949 train, 238 test
[2025-06-29 21:54:29]  133 root - INFO - Transformed KPITTECH.NS: 1187 sequences, 949 train, 238 test
[2025-06-29 21:54:29]  133 root - INFO - Transformed LAURUSLABS.NS: 1187 sequences, 949 train, 238 test
[2025-06-29 21:54:29]  133 root - INFO - Transformed MAHKTECH.NS: 825 sequences, 660 train, 165 test
[2025-06-29 21:54:29]  133 root - INFO - Transformed MASPTOP50.NS: 877 sequences, 701 train, 176 test
[2025-06-29 21:54:29]  133 root - INFO - Transformed MID150BEES.NS: 1165 sequences, 932 train, 233 test
[2025-06-29 21:54:29]  133 root - INFO - Transformed MODEFENCE.NS: 154 sequences, 123 train, 31 test
[2025-06-29 21:54:29]  133 root - INFO - Transformed MON100.NS: 1187 sequences, 949 train, 238 test
[2025-06-29 21:54:29]  133 root - INFO - Transformed MOTILALOFS.NS: 1187 sequences, 949 train, 238 test
[2025-06-29 21:54:29]  133 root - INFO - Transformed NIFTYBEES.NS: 1187 sequences, 949 train, 238 test
[2025-06-29 21:54:29]  133 root - INFO - Transformed NMDC.NS: 1187 sequences, 949 train, 238 test
[2025-06-29 21:54:29]  133 root - INFO - Transformed PAYTM.NS: 840 sequences, 672 train, 168 test
[2025-06-29 21:54:29]  133 root - INFO - Transformed PGEL.NS: 1187 sequences, 949 train, 238 test
[2025-06-29 21:54:29]  133 root - INFO - Transformed PHARMABEES.NS: 912 sequences, 729 train, 183 test
[2025-06-29 21:54:29]  133 root - INFO - Transformed PRAJIND.NS: 1187 sequences, 949 train, 238 test
[2025-06-29 21:54:29]  133 root - INFO - Transformed PSUBNKIETF.NS: 488 sequences, 390 train, 98 test
[2025-06-29 21:54:29]  133 root - INFO - Transformed RELIANCE.NS: 1187 sequences, 949 train, 238 test
[2025-06-29 21:54:29]  133 root - INFO - Transformed SAIL.NS: 1187 sequences, 949 train, 238 test
[2025-06-29 21:54:29]  133 root - INFO - Transformed SKIPPER.NS: 1187 sequences, 949 train, 238 test
[2025-06-29 21:54:29]  133 root - INFO - Transformed SUZLON.NS: 1187 sequences, 949 train, 238 test
[2025-06-29 21:54:29]  133 root - INFO - Transformed TATAMOTORS.NS: 1187 sequences, 949 train, 238 test
[2025-06-29 21:54:29]  133 root - INFO - Transformed UTINEXT50.NS: 1187 sequences, 949 train, 238 test
[2025-06-29 21:54:29]  133 root - INFO - Transformed VEDL.NS: 1187 sequences, 949 train, 238 test
[2025-06-29 21:54:29]  133 root - INFO - Transformed YESBANK.NS: 1187 sequences, 949 train, 238 test
[2025-06-29 21:54:29]  133 root - INFO - Transformed ZYDUSLIFE.NS: 1187 sequences, 949 train, 238 test
[2025-06-29 21:54:29]  133 root - INFO - Transformed ^NSEI: 1185 sequences, 948 train, 237 test
[2025-06-29 21:54:29]  355 root - INFO - Error in training model: name 'Adam' is not defined
[2025-06-29 21:54:29]  73 root - ERROR - \u274c Error during training: Error occurred in script [C:\Users\katch\Desktop\projects\stock_portfolio\src\mlproject\model_building.py] at line number [345] with message [name 'Adam' is not defined]
