[2025-06-29 15:13:55]  29 root - INFO - Starting stock data collection process
[2025-06-29 15:13:55]  44 root - INFO - Found 47 symbols from Excel
[2025-06-29 15:13:55]  49 root - INFO - Total symbols after adding indices: 49
[2025-06-29 15:13:55]  54 root - INFO - Downloading from 2020-06-30 to 2025-06-29
[2025-06-29 15:13:55]  62 root - INFO - Downloading: KAYNES.NS
[2025-06-29 15:13:56]  62 root - INFO - Downloading: BEL.NS
[2025-06-29 15:13:56]  62 root - INFO - Downloading: VEDL.NS
[2025-06-29 15:13:56]  62 root - INFO - Downloading: EXIDEIND.NS
[2025-06-29 15:13:57]  62 root - INFO - Downloading: ABB.NS
[2025-06-29 15:13:57]  62 root - INFO - Downloading: CIPLA.NS
[2025-06-29 15:13:58]  62 root - INFO - Downloading: JUNIORBEES.NS
[2025-06-29 15:13:58]  62 root - INFO - Downloading: ZYDUSLIFE.NS
[2025-06-29 15:13:59]  62 root - INFO - Downloading: HAL.NS
[2025-06-29 15:13:59]  62 root - INFO - Downloading: BHEL.NS
[2025-06-29 15:14:00]  62 root - INFO - Downloading: UTINEXT50.NS
[2025-06-29 15:14:00]  62 root - INFO - Downloading: ADANIPORTS.NS
[2025-06-29 15:14:01]  62 root - INFO - Downloading: SUZLON.NS
[2025-06-29 15:14:01]  62 root - INFO - Downloading: SAIL.NS
[2025-06-29 15:14:02]  62 root - INFO - Downloading: RELIANCE.NS
[2025-06-29 15:14:02]  62 root - INFO - Downloading: JMFINANCIL.NS
[2025-06-29 15:14:03]  62 root - INFO - Downloading: MID150BEES.NS
[2025-06-29 15:14:03]  62 root - INFO - Downloading: CPSEETF.NS
[2025-06-29 15:14:04]  62 root - INFO - Downloading: LAURUSLABS.NS
[2025-06-29 15:14:04]  62 root - INFO - Downloading: IRFC.NS
[2025-06-29 15:14:04]  62 root - INFO - Downloading: ITBEES.NS
[2025-06-29 15:14:05]  62 root - INFO - Downloading: ADANIGREEN.NS
[2025-06-29 15:14:05]  62 root - INFO - Downloading: MODEFENCE.NS
[2025-06-29 15:14:06]  62 root - INFO - Downloading: MOTILALOFS.NS
[2025-06-29 15:14:06]  62 root - INFO - Downloading: IDEA.NS
[2025-06-29 15:14:07]  62 root - INFO - Downloading: KPITTECH.NS
[2025-06-29 15:14:07]  62 root - INFO - Downloading: PRAJIND.NS
[2025-06-29 15:14:08]  62 root - INFO - Downloading: YESBANK.NS
[2025-06-29 15:14:08]  62 root - INFO - Downloading: JIOFIN.NS
[2025-06-29 15:14:08]  62 root - INFO - Downloading: PHARMABEES.NS
[2025-06-29 15:14:09]  62 root - INFO - Downloading: ^NSEI
[2025-06-29 15:14:09]  62 root - INFO - Downloading: HDFCSML250.NS
[2025-06-29 15:14:10]  62 root - INFO - Downloading: CDSL.NS
[2025-06-29 15:14:10]  62 root - INFO - Downloading: NMDC.NS
[2025-06-29 15:14:10]  62 root - INFO - Downloading: SKIPPER.NS
[2025-06-29 15:14:11]  62 root - INFO - Downloading: MON100.NS
[2025-06-29 15:14:11]  62 root - INFO - Downloading: KOTAKBANK.NS
[2025-06-29 15:14:12]  62 root - INFO - Downloading: GOLDBEES.NS
[2025-06-29 15:14:12]  62 root - INFO - Downloading: PGEL.NS
[2025-06-29 15:14:13]  62 root - INFO - Downloading: NIFTYBEES.NS
[2025-06-29 15:14:13]  62 root - INFO - Downloading: DRREDDY.NS
[2025-06-29 15:14:13]  62 root - INFO - Downloading: MAHKTECH.NS
[2025-06-29 15:14:14]  62 root - INFO - Downloading: HINDZINC.NS
[2025-06-29 15:14:14]  62 root - INFO - Downloading: BANKBEES.NS
[2025-06-29 15:14:15]  62 root - INFO - Downloading: PAYTM.NS
[2025-06-29 15:14:15]  62 root - INFO - Downloading: TATAMOTORS.NS
[2025-06-29 15:14:16]  62 root - INFO - Downloading: MASPTOP50.NS
[2025-06-29 15:14:16]  62 root - INFO - Downloading: KOLTEPATIL.NS
[2025-06-29 15:14:16]  62 root - INFO - Downloading: PSUBNKIETF.NS
[2025-06-29 15:14:21]  95 root - INFO - Saved CSV to: C:\Users\katch\Desktop\projects\stock_portfolio\notebooks\Data\processed_data\stock_price_data.csv
[2025-06-29 15:14:21]  96 root - INFO - Total records: 55443
[2025-06-29 15:14:21]  97 root - INFO - Unique tickers: 49
[2025-06-29 15:16:27]  29 root - INFO - Starting stock data collection process
[2025-06-29 15:16:27]  44 root - INFO - Found 47 symbols from Excel
[2025-06-29 15:16:27]  49 root - INFO - Total symbols after adding indices: 49
[2025-06-29 15:16:27]  54 root - INFO - Downloading from 2020-06-30 to 2025-06-29
[2025-06-29 15:16:27]  62 root - INFO - Downloading: KAYNES.NS
[2025-06-29 15:16:28]  62 root - INFO - Downloading: BEL.NS
[2025-06-29 15:16:28]  62 root - INFO - Downloading: VEDL.NS
[2025-06-29 15:16:29]  62 root - INFO - Downloading: EXIDEIND.NS
[2025-06-29 15:16:30]  62 root - INFO - Downloading: ABB.NS
[2025-06-29 15:16:31]  62 root - INFO - Downloading: CIPLA.NS
[2025-06-29 15:16:31]  62 root - INFO - Downloading: JUNIORBEES.NS
[2025-06-29 15:16:32]  62 root - INFO - Downloading: ZYDUSLIFE.NS
[2025-06-29 15:16:32]  62 root - INFO - Downloading: HAL.NS
[2025-06-29 15:16:33]  62 root - INFO - Downloading: BHEL.NS
[2025-06-29 15:16:34]  62 root - INFO - Downloading: UTINEXT50.NS
[2025-06-29 15:16:34]  62 root - INFO - Downloading: ADANIPORTS.NS
[2025-06-29 15:16:35]  62 root - INFO - Downloading: SUZLON.NS
[2025-06-29 15:16:36]  62 root - INFO - Downloading: SAIL.NS
[2025-06-29 15:16:36]  62 root - INFO - Downloading: RELIANCE.NS
[2025-06-29 15:16:37]  62 root - INFO - Downloading: JMFINANCIL.NS
[2025-06-29 15:16:38]  62 root - INFO - Downloading: MID150BEES.NS
[2025-06-29 15:16:38]  62 root - INFO - Downloading: CPSEETF.NS
[2025-06-29 15:16:39]  62 root - INFO - Downloading: LAURUSLABS.NS
[2025-06-29 15:16:39]  62 root - INFO - Downloading: IRFC.NS
[2025-06-29 15:16:40]  62 root - INFO - Downloading: ITBEES.NS
[2025-06-29 15:16:41]  62 root - INFO - Downloading: ADANIGREEN.NS
[2025-06-29 15:16:41]  62 root - INFO - Downloading: MODEFENCE.NS
[2025-06-29 15:16:42]  62 root - INFO - Downloading: MOTILALOFS.NS
[2025-06-29 15:16:42]  62 root - INFO - Downloading: IDEA.NS
[2025-06-29 15:16:43]  62 root - INFO - Downloading: KPITTECH.NS
[2025-06-29 15:16:44]  62 root - INFO - Downloading: PRAJIND.NS
[2025-06-29 15:16:44]  62 root - INFO - Downloading: YESBANK.NS
[2025-06-29 15:16:45]  62 root - INFO - Downloading: JIOFIN.NS
[2025-06-29 15:16:46]  62 root - INFO - Downloading: PHARMABEES.NS
[2025-06-29 15:16:46]  62 root - INFO - Downloading: ^NSEI
[2025-06-29 15:16:47]  62 root - INFO - Downloading: HDFCSML250.NS
[2025-06-29 15:16:47]  62 root - INFO - Downloading: CDSL.NS
[2025-06-29 15:16:48]  62 root - INFO - Downloading: NMDC.NS
[2025-06-29 15:16:49]  62 root - INFO - Downloading: SKIPPER.NS
[2025-06-29 15:16:49]  62 root - INFO - Downloading: MON100.NS
[2025-06-29 15:16:50]  62 root - INFO - Downloading: KOTAKBANK.NS
[2025-06-29 15:16:51]  62 root - INFO - Downloading: GOLDBEES.NS
[2025-06-29 15:16:51]  62 root - INFO - Downloading: PGEL.NS
[2025-06-29 15:16:52]  62 root - INFO - Downloading: NIFTYBEES.NS
[2025-06-29 15:16:52]  62 root - INFO - Downloading: DRREDDY.NS
[2025-06-29 15:16:53]  62 root - INFO - Downloading: MAHKTECH.NS
[2025-06-29 15:16:54]  62 root - INFO - Downloading: HINDZINC.NS
[2025-06-29 15:16:54]  62 root - INFO - Downloading: BANKBEES.NS
[2025-06-29 15:16:55]  62 root - INFO - Downloading: PAYTM.NS
[2025-06-29 15:16:55]  62 root - INFO - Downloading: TATAMOTORS.NS
[2025-06-29 15:16:56]  62 root - INFO - Downloading: MASPTOP50.NS
[2025-06-29 15:16:56]  62 root - INFO - Downloading: KOLTEPATIL.NS
[2025-06-29 15:16:56]  62 root - INFO - Downloading: PSUBNKIETF.NS
[2025-06-29 15:17:00]  95 root - INFO - Saved CSV to: C:\Users\katch\Desktop\projects\stock_portfolio\notebooks\Data\processed_data\stock_price_data.csv
[2025-06-29 15:17:00]  96 root - INFO - Total records: 55443
[2025-06-29 15:17:01]  97 root - INFO - Unique tickers: 49
[2025-06-29 15:22:48]  29 root - INFO - Starting stock data collection process
[2025-06-29 15:22:48]  44 root - INFO - Found 47 symbols from Excel
[2025-06-29 15:22:48]  49 root - INFO - Total symbols after adding indices: 49
[2025-06-29 15:22:48]  54 root - INFO - Downloading from 2020-06-30 to 2025-06-29
[2025-06-29 15:22:48]  62 root - INFO - Downloading: KAYNES.NS
[2025-06-29 15:22:49]  62 root - INFO - Downloading: BEL.NS
[2025-06-29 15:22:50]  62 root - INFO - Downloading: VEDL.NS
[2025-06-29 15:22:51]  62 root - INFO - Downloading: EXIDEIND.NS
[2025-06-29 15:22:51]  62 root - INFO - Downloading: ABB.NS
[2025-06-29 15:22:52]  62 root - INFO - Downloading: CIPLA.NS
[2025-06-29 15:22:53]  62 root - INFO - Downloading: JUNIORBEES.NS
[2025-06-29 15:22:53]  62 root - INFO - Downloading: ZYDUSLIFE.NS
[2025-06-29 15:22:54]  62 root - INFO - Downloading: HAL.NS
[2025-06-29 15:22:55]  62 root - INFO - Downloading: BHEL.NS
[2025-06-29 15:22:55]  62 root - INFO - Downloading: UTINEXT50.NS
[2025-06-29 15:22:56]  62 root - INFO - Downloading: ADANIPORTS.NS
[2025-06-29 15:22:57]  62 root - INFO - Downloading: SUZLON.NS
[2025-06-29 15:22:57]  62 root - INFO - Downloading: SAIL.NS
[2025-06-29 15:22:58]  62 root - INFO - Downloading: RELIANCE.NS
[2025-06-29 15:22:58]  62 root - INFO - Downloading: JMFINANCIL.NS
[2025-06-29 15:22:59]  62 root - INFO - Downloading: MID150BEES.NS
[2025-06-29 15:22:59]  62 root - INFO - Downloading: CPSEETF.NS
[2025-06-29 15:22:59]  62 root - INFO - Downloading: LAURUSLABS.NS
[2025-06-29 15:23:00]  62 root - INFO - Downloading: IRFC.NS
[2025-06-29 15:23:00]  62 root - INFO - Downloading: ITBEES.NS
[2025-06-29 15:23:01]  62 root - INFO - Downloading: ADANIGREEN.NS
[2025-06-29 15:23:01]  62 root - INFO - Downloading: MODEFENCE.NS
[2025-06-29 15:23:02]  62 root - INFO - Downloading: MOTILALOFS.NS
[2025-06-29 15:23:02]  62 root - INFO - Downloading: IDEA.NS
[2025-06-29 15:23:02]  62 root - INFO - Downloading: KPITTECH.NS
[2025-06-29 15:23:03]  62 root - INFO - Downloading: PRAJIND.NS
[2025-06-29 15:23:03]  62 root - INFO - Downloading: YESBANK.NS
[2025-06-29 15:23:04]  62 root - INFO - Downloading: JIOFIN.NS
[2025-06-29 15:23:04]  62 root - INFO - Downloading: PHARMABEES.NS
[2025-06-29 15:23:05]  62 root - INFO - Downloading: ^NSEI
[2025-06-29 15:23:05]  62 root - INFO - Downloading: HDFCSML250.NS
[2025-06-29 15:23:05]  62 root - INFO - Downloading: CDSL.NS
[2025-06-29 15:23:06]  62 root - INFO - Downloading: NMDC.NS
[2025-06-29 15:23:06]  62 root - INFO - Downloading: SKIPPER.NS
[2025-06-29 15:23:07]  62 root - INFO - Downloading: MON100.NS
[2025-06-29 15:23:07]  62 root - INFO - Downloading: KOTAKBANK.NS
[2025-06-29 15:23:08]  62 root - INFO - Downloading: GOLDBEES.NS
[2025-06-29 15:23:08]  62 root - INFO - Downloading: PGEL.NS
[2025-06-29 15:23:09]  62 root - INFO - Downloading: NIFTYBEES.NS
[2025-06-29 15:23:09]  62 root - INFO - Downloading: DRREDDY.NS
[2025-06-29 15:23:10]  62 root - INFO - Downloading: MAHKTECH.NS
[2025-06-29 15:23:10]  62 root - INFO - Downloading: HINDZINC.NS
[2025-06-29 15:23:10]  62 root - INFO - Downloading: BANKBEES.NS
[2025-06-29 15:23:11]  62 root - INFO - Downloading: PAYTM.NS
[2025-06-29 15:23:11]  62 root - INFO - Downloading: TATAMOTORS.NS
[2025-06-29 15:23:12]  62 root - INFO - Downloading: MASPTOP50.NS
[2025-06-29 15:23:12]  62 root - INFO - Downloading: KOLTEPATIL.NS
[2025-06-29 15:23:12]  62 root - INFO - Downloading: PSUBNKIETF.NS
[2025-06-29 15:23:17]  95 root - INFO - Saved CSV to: C:\Users\katch\Desktop\projects\stock_portfolio\notebooks\Data\processed_data\stock_price_data.csv
[2025-06-29 15:23:17]  96 root - INFO - Total records: 55443
[2025-06-29 15:23:17]  97 root - INFO - Unique tickers: 49
[2025-06-29 15:24:56]  29 root - INFO - Starting stock data collection process
[2025-06-29 15:24:56]  44 root - INFO - Found 47 symbols from Excel
[2025-06-29 15:24:56]  49 root - INFO - Total symbols after adding indices: 49
[2025-06-29 15:24:56]  54 root - INFO - Downloading from 2020-06-30 to 2025-06-29
[2025-06-29 15:24:56]  62 root - INFO - Downloading: KAYNES.NS
[2025-06-29 15:24:56]  62 root - INFO - Downloading: BEL.NS
[2025-06-29 15:24:57]  62 root - INFO - Downloading: VEDL.NS
[2025-06-29 15:24:57]  62 root - INFO - Downloading: EXIDEIND.NS
[2025-06-29 15:24:58]  62 root - INFO - Downloading: ABB.NS
[2025-06-29 15:24:59]  62 root - INFO - Downloading: CIPLA.NS
[2025-06-29 15:25:00]  62 root - INFO - Downloading: JUNIORBEES.NS
[2025-06-29 15:25:00]  62 root - INFO - Downloading: ZYDUSLIFE.NS
[2025-06-29 15:25:01]  62 root - INFO - Downloading: HAL.NS
[2025-06-29 15:25:01]  62 root - INFO - Downloading: BHEL.NS
[2025-06-29 15:25:02]  62 root - INFO - Downloading: UTINEXT50.NS
[2025-06-29 15:25:03]  62 root - INFO - Downloading: ADANIPORTS.NS
[2025-06-29 15:25:04]  62 root - INFO - Downloading: SUZLON.NS
[2025-06-29 15:25:04]  62 root - INFO - Downloading: SAIL.NS
[2025-06-29 15:25:05]  62 root - INFO - Downloading: RELIANCE.NS
[2025-06-29 15:25:06]  62 root - INFO - Downloading: JMFINANCIL.NS
[2025-06-29 15:25:06]  62 root - INFO - Downloading: MID150BEES.NS
[2025-06-29 15:25:07]  62 root - INFO - Downloading: CPSEETF.NS
[2025-06-29 15:25:07]  62 root - INFO - Downloading: LAURUSLABS.NS
[2025-06-29 15:25:08]  62 root - INFO - Downloading: IRFC.NS
[2025-06-29 15:25:09]  62 root - INFO - Downloading: ITBEES.NS
[2025-06-29 15:25:09]  62 root - INFO - Downloading: ADANIGREEN.NS
[2025-06-29 15:25:10]  62 root - INFO - Downloading: MODEFENCE.NS
[2025-06-29 15:25:10]  62 root - INFO - Downloading: MOTILALOFS.NS
[2025-06-29 15:25:11]  62 root - INFO - Downloading: IDEA.NS
[2025-06-29 15:25:11]  62 root - INFO - Downloading: KPITTECH.NS
[2025-06-29 15:25:12]  62 root - INFO - Downloading: PRAJIND.NS
[2025-06-29 15:25:13]  62 root - INFO - Downloading: YESBANK.NS
[2025-06-29 15:25:13]  62 root - INFO - Downloading: JIOFIN.NS
[2025-06-29 15:25:14]  62 root - INFO - Downloading: PHARMABEES.NS
[2025-06-29 15:25:14]  62 root - INFO - Downloading: ^NSEI
[2025-06-29 15:25:15]  62 root - INFO - Downloading: HDFCSML250.NS
[2025-06-29 15:25:15]  62 root - INFO - Downloading: CDSL.NS
[2025-06-29 15:25:16]  62 root - INFO - Downloading: NMDC.NS
[2025-06-29 15:25:17]  62 root - INFO - Downloading: SKIPPER.NS
[2025-06-29 15:25:17]  62 root - INFO - Downloading: MON100.NS
[2025-06-29 15:25:18]  62 root - INFO - Downloading: KOTAKBANK.NS
[2025-06-29 15:25:19]  62 root - INFO - Downloading: GOLDBEES.NS
[2025-06-29 15:25:19]  62 root - INFO - Downloading: PGEL.NS
[2025-06-29 15:25:20]  62 root - INFO - Downloading: NIFTYBEES.NS
[2025-06-29 15:25:20]  62 root - INFO - Downloading: DRREDDY.NS
[2025-06-29 15:25:21]  62 root - INFO - Downloading: MAHKTECH.NS
[2025-06-29 15:25:22]  62 root - INFO - Downloading: HINDZINC.NS
[2025-06-29 15:25:22]  62 root - INFO - Downloading: BANKBEES.NS
[2025-06-29 15:25:23]  62 root - INFO - Downloading: PAYTM.NS
[2025-06-29 15:25:24]  62 root - INFO - Downloading: TATAMOTORS.NS
[2025-06-29 15:25:24]  62 root - INFO - Downloading: MASPTOP50.NS
[2025-06-29 15:25:25]  62 root - INFO - Downloading: KOLTEPATIL.NS
[2025-06-29 15:25:25]  62 root - INFO - Downloading: PSUBNKIETF.NS
[2025-06-29 15:25:29]  95 root - INFO - Saved CSV to: C:\Users\katch\Desktop\projects\stock_portfolio\notebooks\Data\processed_data\stock_price_data.csv
[2025-06-29 15:25:29]  96 root - INFO - Total records: 55443
[2025-06-29 15:25:29]  97 root - INFO - Unique tickers: 49
