[2025-06-30 10:22:05]  344 root - INFO - Applying all technical indicators for column: Ticker
[2025-06-30 10:22:05]  32 root - INFO - Calculating SMA for column: Ticker
[2025-06-30 10:22:06]  37 root - INFO - SMA calculation completed successfully
[2025-06-30 10:22:06]  47 root - INFO - Calculating EMA for column: Ticker
[2025-06-30 10:22:06]  51 root - INFO - EMA calculation completed successfully
[2025-06-30 10:22:06]  61 root - INFO - Calculating Bollinger Bands for column: Ticker
[2025-06-30 10:22:06]  65 root - INFO - Bollinger Bands calculation completed successfully
[2025-06-30 10:22:06]  75 root - INFO - Calculating Pivot Points for column: Ticker
[2025-06-30 10:22:06]  89 root - INFO - Pivot Points calculation completed successfully
[2025-06-30 10:22:06]  99 root - INFO - Calculating Ichimoku Cloud for column: Ticker
[2025-06-30 10:22:06]  109 root - INFO - Ichimoku Cloud calculation completed successfully
[2025-06-30 10:22:06]  119 root - INFO - Calculating MACD for column: Ticker
[2025-06-30 10:22:06]  129 root - INFO - MACD calculation completed successfully
[2025-06-30 10:22:06]  139 root - INFO - Calculating RSI for column: Ticker
[2025-06-30 10:22:06]  151 root - INFO - RSI calculation completed successfully
[2025-06-30 10:22:06]  161 root - INFO - Calculating ATR for column: Ticker
[2025-06-30 10:22:06]  171 root - INFO - ATR calculation completed successfully
[2025-06-30 10:22:06]  181 root - INFO - Calculating Stochastic Oscillator for column: Ticker
[2025-06-30 10:22:06]  191 root - INFO - Stochastic Oscillator calculation completed successfully
[2025-06-30 10:22:06]  201 root - INFO - Calculating SAR for column: Ticker
[2025-06-30 10:22:08]  253 root - INFO - SAR calculation completed successfully
[2025-06-30 10:22:08]  287 root - INFO - Calculating Fibonacci Retracement for column: Ticker
[2025-06-30 10:22:08]  298 root - INFO - Fibonacci Retracement calculation completed successfully
[2025-06-30 10:22:08]  263 root - INFO - Calculating OBV for column: Ticker
[2025-06-30 10:22:09]  277 root - INFO - OBV calculation completed successfully
[2025-06-30 10:22:09]  308 root - INFO - Calculating Garman-Klass Volatility for column: Ticker
[2025-06-30 10:22:09]  317 root - INFO - Garman-Klass Volatility calculation completed successfully
[2025-06-30 10:22:09]  327 root - INFO - Calculating Donchian Channel for column: Ticker
[2025-06-30 10:22:09]  334 root - INFO - Donchian Channel calculation completed successfully
[2025-06-30 10:22:09]  364 root - INFO - All technical indicators applied successfully
[2025-06-30 10:22:09]  72 root - INFO - Processed data shape: (55405, 63)
