[2025-06-30 11:38:17]  29 root - INFO - Starting stock data collection process
[2025-06-30 11:38:17]  36 root - INFO - Reading Excel file from: C:\Users\katch\Desktop\projects\stock_portfolio\notebooks\Data\processed_data\stock_list.xlsx
[2025-06-30 11:38:17]  49 root - INFO - Found 47 stock symbols in Excel file
[2025-06-30 11:38:17]  54 root - INFO - Total symbols to download: 53
[2025-06-30 11:38:17]  59 root - INFO - Downloading data from 2020-07-01 to 2025-06-30
[2025-06-30 11:38:17]  62 root - INFO - Downloading stock data from Yahoo Finance...
[2025-06-30 11:38:20]  70 root - INFO - Processing downloaded data...
[2025-06-30 11:38:20]  92 root - INFO - Saving data to CSV: C:\Users\katch\Desktop\projects\stock_portfolio\notebooks\Data\processed_data\stock_price_data.csv
[2025-06-30 11:38:20]  95 root - INFO - Data collection completed successfully. CSV saved to: C:\Users\katch\Desktop\projects\stock_portfolio\notebooks\Data\processed_data\stock_price_data.csv
[2025-06-30 11:38:20]  96 root - INFO - Total records: 60711
[2025-06-30 11:38:20]  97 root - INFO - Unique tickers: 49
[2025-06-30 11:38:20]  387 root - INFO - Loading data from C:\Users\katch\Desktop\projects\stock_portfolio\notebooks\Data\processed_data\stock_price_data.csv
[2025-06-30 11:38:20]  19 root - INFO - Data loaded successfully from C:\Users\katch\Desktop\projects\stock_portfolio\notebooks\Data\processed_data\stock_price_data.csv
[2025-06-30 11:38:20]  344 root - INFO - Applying all technical indicators for column: Ticker
[2025-06-30 11:38:20]  32 root - INFO - Calculating SMA for column: Ticker
[2025-06-30 11:38:20]  37 root - INFO - SMA calculation completed successfully
[2025-06-30 11:38:20]  47 root - INFO - Calculating EMA for column: Ticker
[2025-06-30 11:38:20]  51 root - INFO - EMA calculation completed successfully
[2025-06-30 11:38:20]  61 root - INFO - Calculating Bollinger Bands for column: Ticker
[2025-06-30 11:38:20]  65 root - INFO - Bollinger Bands calculation completed successfully
[2025-06-30 11:38:20]  75 root - INFO - Calculating Pivot Points for column: Ticker
[2025-06-30 11:38:20]  89 root - INFO - Pivot Points calculation completed successfully
[2025-06-30 11:38:20]  99 root - INFO - Calculating Ichimoku Cloud for column: Ticker
[2025-06-30 11:38:21]  109 root - INFO - Ichimoku Cloud calculation completed successfully
[2025-06-30 11:38:21]  119 root - INFO - Calculating MACD for column: Ticker
[2025-06-30 11:38:21]  129 root - INFO - MACD calculation completed successfully
[2025-06-30 11:38:21]  139 root - INFO - Calculating RSI for column: Ticker
[2025-06-30 11:38:21]  151 root - INFO - RSI calculation completed successfully
[2025-06-30 11:38:21]  161 root - INFO - Calculating ATR for column: Ticker
[2025-06-30 11:38:21]  171 root - INFO - ATR calculation completed successfully
[2025-06-30 11:38:21]  181 root - INFO - Calculating Stochastic Oscillator for column: Ticker
[2025-06-30 11:38:21]  191 root - INFO - Stochastic Oscillator calculation completed successfully
[2025-06-30 11:38:21]  201 root - INFO - Calculating SAR for column: Ticker
[2025-06-30 11:38:23]  253 root - INFO - SAR calculation completed successfully
[2025-06-30 11:38:23]  287 root - INFO - Calculating Fibonacci Retracement for column: Ticker
[2025-06-30 11:38:23]  298 root - INFO - Fibonacci Retracement calculation completed successfully
[2025-06-30 11:38:23]  263 root - INFO - Calculating OBV for column: Ticker
[2025-06-30 11:38:24]  277 root - INFO - OBV calculation completed successfully
[2025-06-30 11:38:24]  308 root - INFO - Calculating Garman-Klass Volatility for column: Ticker
[2025-06-30 11:38:24]  317 root - INFO - Garman-Klass Volatility calculation completed successfully
[2025-06-30 11:38:24]  327 root - INFO - Calculating Donchian Channel for column: Ticker
[2025-06-30 11:38:24]  334 root - INFO - Donchian Channel calculation completed successfully
[2025-06-30 11:38:24]  364 root - INFO - All technical indicators applied successfully
[2025-06-30 11:38:27]  396 root - INFO - Data with indicators saved to C:\Users\katch\Desktop\projects\stock_portfolio\notebooks\Data\un_processed_data\stock_price_with_indicators.csv
[2025-06-30 11:38:27]  33 root - INFO - Data loaded to DataFrame successfully
[2025-06-30 11:38:27]  344 root - INFO - Applying all technical indicators for column: Ticker
[2025-06-30 11:38:27]  32 root - INFO - Calculating SMA for column: Ticker
[2025-06-30 11:38:27]  37 root - INFO - SMA calculation completed successfully
[2025-06-30 11:38:27]  47 root - INFO - Calculating EMA for column: Ticker
[2025-06-30 11:38:27]  51 root - INFO - EMA calculation completed successfully
[2025-06-30 11:38:27]  61 root - INFO - Calculating Bollinger Bands for column: Ticker
[2025-06-30 11:38:27]  65 root - INFO - Bollinger Bands calculation completed successfully
[2025-06-30 11:38:27]  75 root - INFO - Calculating Pivot Points for column: Ticker
[2025-06-30 11:38:27]  89 root - INFO - Pivot Points calculation completed successfully
[2025-06-30 11:38:27]  99 root - INFO - Calculating Ichimoku Cloud for column: Ticker
[2025-06-30 11:38:28]  109 root - INFO - Ichimoku Cloud calculation completed successfully
[2025-06-30 11:38:28]  119 root - INFO - Calculating MACD for column: Ticker
[2025-06-30 11:38:28]  129 root - INFO - MACD calculation completed successfully
[2025-06-30 11:38:28]  139 root - INFO - Calculating RSI for column: Ticker
[2025-06-30 11:38:28]  151 root - INFO - RSI calculation completed successfully
[2025-06-30 11:38:28]  161 root - INFO - Calculating ATR for column: Ticker
[2025-06-30 11:38:28]  171 root - INFO - ATR calculation completed successfully
[2025-06-30 11:38:28]  181 root - INFO - Calculating Stochastic Oscillator for column: Ticker
[2025-06-30 11:38:28]  191 root - INFO - Stochastic Oscillator calculation completed successfully
[2025-06-30 11:38:28]  201 root - INFO - Calculating SAR for column: Ticker
[2025-06-30 11:38:28]  253 root - INFO - SAR calculation completed successfully
[2025-06-30 11:38:28]  287 root - INFO - Calculating Fibonacci Retracement for column: Ticker
[2025-06-30 11:38:28]  298 root - INFO - Fibonacci Retracement calculation completed successfully
[2025-06-30 11:38:28]  263 root - INFO - Calculating OBV for column: Ticker
[2025-06-30 11:38:28]  277 root - INFO - OBV calculation completed successfully
[2025-06-30 11:38:28]  308 root - INFO - Calculating Garman-Klass Volatility for column: Ticker
[2025-06-30 11:38:28]  317 root - INFO - Garman-Klass Volatility calculation completed successfully
[2025-06-30 11:38:28]  327 root - INFO - Calculating Donchian Channel for column: Ticker
[2025-06-30 11:38:28]  334 root - INFO - Donchian Channel calculation completed successfully
[2025-06-30 11:38:28]  364 root - INFO - All technical indicators applied successfully
[2025-06-30 11:38:28]  77 root - INFO - Converted boolean column Trend_Up to numeric
[2025-06-30 11:38:28]  83 root - INFO - Processed data shape: (1239, 64)
[2025-06-30 11:38:28]  148 root - INFO - Transformed ABB.NS: 1187 sequences, 949 train, 238 test
[2025-06-30 11:38:35]  252 root - INFO - Evaluation results saved to C:\Users\katch\Desktop\projects\stock_portfolio\notebooks\Data\models
