[2025-06-30 11:06:03]  151 root - INFO - Loading and preparing data...
[2025-06-30 11:06:03]  26 root - INFO - Reading data from C:\Users\katch\Desktop\projects\stock_portfolio\notebooks\Data\un_processed_data\stock_price_with_indicators.csv
[2025-06-30 11:06:03]  28 root - INFO - Data shape: (60711, 50)
[2025-06-30 11:06:03]  58 root - INFO - Processed data shape: (55444, 59)
[2025-06-30 11:06:03]  126 root - INFO - Transformed ABB.NS: 1187 sequences, 949 train, 238 test
[2025-06-30 11:06:03]  126 root - INFO - Transformed ADANIGREEN.NS: 1186 sequences, 948 train, 238 test
[2025-06-30 11:06:03]  126 root - INFO - Transformed ADANIPORTS.NS: 1187 sequences, 949 train, 238 test
[2025-06-30 11:06:03]  126 root - INFO - Transformed BANKBEES.NS: 1187 sequences, 949 train, 238 test
[2025-06-30 11:06:03]  126 root - INFO - Transformed BEL.NS: 1187 sequences, 949 train, 238 test
[2025-06-30 11:06:03]  126 root - INFO - Transformed BHEL.NS: 1186 sequences, 948 train, 238 test
[2025-06-30 11:06:03]  126 root - INFO - Transformed CDSL.NS: 1187 sequences, 949 train, 238 test
[2025-06-30 11:06:03]  126 root - INFO - Transformed CIPLA.NS: 1187 sequences, 949 train, 238 test
[2025-06-30 11:06:03]  126 root - INFO - Transformed CPSEETF.NS: 1187 sequences, 949 train, 238 test
[2025-06-30 11:06:03]  126 root - INFO - Transformed DRREDDY.NS: 1187 sequences, 949 train, 238 test
[2025-06-30 11:06:03]  126 root - INFO - Transformed EXIDEIND.NS: 1187 sequences, 949 train, 238 test
[2025-06-30 11:06:03]  126 root - INFO - Transformed GOLDBEES.NS: 1187 sequences, 949 train, 238 test
[2025-06-30 11:06:03]  126 root - INFO - Transformed HAL.NS: 1186 sequences, 948 train, 238 test
[2025-06-30 11:06:03]  126 root - INFO - Transformed HDFCSML250.NS: 527 sequences, 421 train, 106 test
[2025-06-30 11:06:04]  126 root - INFO - Transformed HINDZINC.NS: 1187 sequences, 949 train, 238 test
[2025-06-30 11:06:04]  126 root - INFO - Transformed IDEA.NS: 1187 sequences, 949 train, 238 test
[2025-06-30 11:06:04]  126 root - INFO - Transformed IRFC.NS: 1039 sequences, 831 train, 208 test
[2025-06-30 11:06:04]  126 root - INFO - Transformed ITBEES.NS: 1163 sequences, 930 train, 233 test
[2025-06-30 11:06:04]  126 root - INFO - Transformed JIOFIN.NS: 401 sequences, 320 train, 81 test
[2025-06-30 11:06:04]  126 root - INFO - Transformed JMFINANCIL.NS: 1187 sequences, 949 train, 238 test
[2025-06-30 11:06:04]  126 root - INFO - Transformed JUNIORBEES.NS: 1187 sequences, 949 train, 238 test
[2025-06-30 11:06:04]  126 root - INFO - Transformed KAYNES.NS: 590 sequences, 472 train, 118 test
[2025-06-30 11:06:04]  126 root - INFO - Transformed KOLTEPATIL.NS: 1187 sequences, 949 train, 238 test
[2025-06-30 11:06:04]  126 root - INFO - Transformed KOTAKBANK.NS: 1187 sequences, 949 train, 238 test
[2025-06-30 11:06:04]  126 root - INFO - Transformed KPITTECH.NS: 1187 sequences, 949 train, 238 test
[2025-06-30 11:06:04]  126 root - INFO - Transformed LAURUSLABS.NS: 1187 sequences, 949 train, 238 test
[2025-06-30 11:06:04]  126 root - INFO - Transformed MAHKTECH.NS: 826 sequences, 660 train, 166 test
[2025-06-30 11:06:04]  126 root - INFO - Transformed MASPTOP50.NS: 878 sequences, 702 train, 176 test
[2025-06-30 11:06:04]  126 root - INFO - Transformed MID150BEES.NS: 1165 sequences, 932 train, 233 test
[2025-06-30 11:06:04]  126 root - INFO - Transformed MODEFENCE.NS: 155 sequences, 124 train, 31 test
[2025-06-30 11:06:04]  126 root - INFO - Transformed MON100.NS: 1187 sequences, 949 train, 238 test
[2025-06-30 11:06:04]  126 root - INFO - Transformed MOTILALOFS.NS: 1187 sequences, 949 train, 238 test
[2025-06-30 11:06:04]  126 root - INFO - Transformed NIFTYBEES.NS: 1187 sequences, 949 train, 238 test
[2025-06-30 11:06:04]  126 root - INFO - Transformed NMDC.NS: 1186 sequences, 948 train, 238 test
[2025-06-30 11:06:04]  126 root - INFO - Transformed PAYTM.NS: 840 sequences, 672 train, 168 test
[2025-06-30 11:06:04]  126 root - INFO - Transformed PGEL.NS: 1187 sequences, 949 train, 238 test
[2025-06-30 11:06:04]  126 root - INFO - Transformed PHARMABEES.NS: 913 sequences, 730 train, 183 test
[2025-06-30 11:06:04]  126 root - INFO - Transformed PRAJIND.NS: 1187 sequences, 949 train, 238 test
[2025-06-30 11:06:04]  126 root - INFO - Transformed PSUBNKIETF.NS: 489 sequences, 391 train, 98 test
[2025-06-30 11:06:04]  126 root - INFO - Transformed RELIANCE.NS: 1186 sequences, 948 train, 238 test
[2025-06-30 11:06:04]  126 root - INFO - Transformed SAIL.NS: 1187 sequences, 949 train, 238 test
[2025-06-30 11:06:04]  126 root - INFO - Transformed SKIPPER.NS: 1187 sequences, 949 train, 238 test
[2025-06-30 11:06:04]  126 root - INFO - Transformed SUZLON.NS: 1187 sequences, 949 train, 238 test
[2025-06-30 11:06:04]  126 root - INFO - Transformed TATAMOTORS.NS: 1187 sequences, 949 train, 238 test
[2025-06-30 11:06:04]  126 root - INFO - Transformed UTINEXT50.NS: 1187 sequences, 949 train, 238 test
[2025-06-30 11:06:04]  126 root - INFO - Transformed VEDL.NS: 1187 sequences, 949 train, 238 test
[2025-06-30 11:06:04]  126 root - INFO - Transformed YESBANK.NS: 1186 sequences, 948 train, 238 test
[2025-06-30 11:06:04]  126 root - INFO - Transformed ZYDUSLIFE.NS: 1187 sequences, 949 train, 238 test
[2025-06-30 11:06:04]  126 root - INFO - Transformed ^NSEI: 1184 sequences, 947 train, 237 test
[2025-06-30 11:06:04]  156 root - INFO - Data prepared for 49 tickers
[2025-06-30 11:06:04]  162 root - INFO - Loading trained LSTM models and global metadata...
[2025-06-30 11:06:04]  26 root - INFO - Reading data from C:\Users\katch\Desktop\projects\stock_portfolio\notebooks\Data\un_processed_data\stock_price_with_indicators.csv
[2025-06-30 11:06:04]  28 root - INFO - Data shape: (60711, 50)
[2025-06-30 11:06:04]  58 root - INFO - Processed data shape: (55444, 59)
[2025-06-30 11:06:04]  126 root - INFO - Transformed ABB.NS: 1187 sequences, 949 train, 238 test
[2025-06-30 11:06:05]  126 root - INFO - Transformed ADANIGREEN.NS: 1186 sequences, 948 train, 238 test
[2025-06-30 11:06:05]  126 root - INFO - Transformed ADANIPORTS.NS: 1187 sequences, 949 train, 238 test
[2025-06-30 11:06:05]  126 root - INFO - Transformed BANKBEES.NS: 1187 sequences, 949 train, 238 test
[2025-06-30 11:06:05]  126 root - INFO - Transformed BEL.NS: 1187 sequences, 949 train, 238 test
[2025-06-30 11:06:05]  126 root - INFO - Transformed BHEL.NS: 1186 sequences, 948 train, 238 test
[2025-06-30 11:06:05]  126 root - INFO - Transformed CDSL.NS: 1187 sequences, 949 train, 238 test
[2025-06-30 11:06:05]  126 root - INFO - Transformed CIPLA.NS: 1187 sequences, 949 train, 238 test
[2025-06-30 11:06:05]  126 root - INFO - Transformed CPSEETF.NS: 1187 sequences, 949 train, 238 test
[2025-06-30 11:06:05]  126 root - INFO - Transformed DRREDDY.NS: 1187 sequences, 949 train, 238 test
[2025-06-30 11:06:05]  126 root - INFO - Transformed EXIDEIND.NS: 1187 sequences, 949 train, 238 test
[2025-06-30 11:06:05]  126 root - INFO - Transformed GOLDBEES.NS: 1187 sequences, 949 train, 238 test
[2025-06-30 11:06:05]  126 root - INFO - Transformed HAL.NS: 1186 sequences, 948 train, 238 test
[2025-06-30 11:06:05]  126 root - INFO - Transformed HDFCSML250.NS: 527 sequences, 421 train, 106 test
[2025-06-30 11:06:05]  126 root - INFO - Transformed HINDZINC.NS: 1187 sequences, 949 train, 238 test
[2025-06-30 11:06:05]  126 root - INFO - Transformed IDEA.NS: 1187 sequences, 949 train, 238 test
[2025-06-30 11:06:05]  126 root - INFO - Transformed IRFC.NS: 1039 sequences, 831 train, 208 test
[2025-06-30 11:06:05]  126 root - INFO - Transformed ITBEES.NS: 1163 sequences, 930 train, 233 test
[2025-06-30 11:06:05]  126 root - INFO - Transformed JIOFIN.NS: 401 sequences, 320 train, 81 test
[2025-06-30 11:06:05]  126 root - INFO - Transformed JMFINANCIL.NS: 1187 sequences, 949 train, 238 test
[2025-06-30 11:06:05]  126 root - INFO - Transformed JUNIORBEES.NS: 1187 sequences, 949 train, 238 test
[2025-06-30 11:06:05]  126 root - INFO - Transformed KAYNES.NS: 590 sequences, 472 train, 118 test
[2025-06-30 11:06:05]  126 root - INFO - Transformed KOLTEPATIL.NS: 1187 sequences, 949 train, 238 test
[2025-06-30 11:06:05]  126 root - INFO - Transformed KOTAKBANK.NS: 1187 sequences, 949 train, 238 test
[2025-06-30 11:06:05]  126 root - INFO - Transformed KPITTECH.NS: 1187 sequences, 949 train, 238 test
[2025-06-30 11:06:05]  126 root - INFO - Transformed LAURUSLABS.NS: 1187 sequences, 949 train, 238 test
[2025-06-30 11:06:05]  126 root - INFO - Transformed MAHKTECH.NS: 826 sequences, 660 train, 166 test
[2025-06-30 11:06:05]  126 root - INFO - Transformed MASPTOP50.NS: 878 sequences, 702 train, 176 test
[2025-06-30 11:06:05]  126 root - INFO - Transformed MID150BEES.NS: 1165 sequences, 932 train, 233 test
[2025-06-30 11:06:05]  126 root - INFO - Transformed MODEFENCE.NS: 155 sequences, 124 train, 31 test
[2025-06-30 11:06:05]  126 root - INFO - Transformed MON100.NS: 1187 sequences, 949 train, 238 test
[2025-06-30 11:06:05]  126 root - INFO - Transformed MOTILALOFS.NS: 1187 sequences, 949 train, 238 test
[2025-06-30 11:06:05]  126 root - INFO - Transformed NIFTYBEES.NS: 1187 sequences, 949 train, 238 test
[2025-06-30 11:06:05]  126 root - INFO - Transformed NMDC.NS: 1186 sequences, 948 train, 238 test
[2025-06-30 11:06:05]  126 root - INFO - Transformed PAYTM.NS: 840 sequences, 672 train, 168 test
[2025-06-30 11:06:05]  126 root - INFO - Transformed PGEL.NS: 1187 sequences, 949 train, 238 test
[2025-06-30 11:06:05]  126 root - INFO - Transformed PHARMABEES.NS: 913 sequences, 730 train, 183 test
[2025-06-30 11:06:05]  126 root - INFO - Transformed PRAJIND.NS: 1187 sequences, 949 train, 238 test
[2025-06-30 11:06:05]  126 root - INFO - Transformed PSUBNKIETF.NS: 489 sequences, 391 train, 98 test
[2025-06-30 11:06:05]  126 root - INFO - Transformed RELIANCE.NS: 1186 sequences, 948 train, 238 test
[2025-06-30 11:06:05]  126 root - INFO - Transformed SAIL.NS: 1187 sequences, 949 train, 238 test
[2025-06-30 11:06:05]  126 root - INFO - Transformed SKIPPER.NS: 1187 sequences, 949 train, 238 test
[2025-06-30 11:06:05]  126 root - INFO - Transformed SUZLON.NS: 1187 sequences, 949 train, 238 test
[2025-06-30 11:06:05]  126 root - INFO - Transformed TATAMOTORS.NS: 1187 sequences, 949 train, 238 test
[2025-06-30 11:06:05]  126 root - INFO - Transformed UTINEXT50.NS: 1187 sequences, 949 train, 238 test
[2025-06-30 11:06:05]  126 root - INFO - Transformed VEDL.NS: 1187 sequences, 949 train, 238 test
[2025-06-30 11:06:05]  126 root - INFO - Transformed YESBANK.NS: 1186 sequences, 948 train, 238 test
[2025-06-30 11:06:05]  126 root - INFO - Transformed ZYDUSLIFE.NS: 1187 sequences, 949 train, 238 test
[2025-06-30 11:06:05]  126 root - INFO - Transformed ^NSEI: 1184 sequences, 947 train, 237 test
[2025-06-30 11:06:05]  187 root - INFO - Loaded model for ABB.NS
[2025-06-30 11:06:05]  187 root - INFO - Loaded model for ADANIGREEN.NS
[2025-06-30 11:06:06]  187 root - INFO - Loaded model for ADANIPORTS.NS
[2025-06-30 11:06:06]  187 root - INFO - Loaded model for BANKBEES.NS
[2025-06-30 11:06:06]  187 root - INFO - Loaded model for BEL.NS
[2025-06-30 11:06:06]  187 root - INFO - Loaded model for BHEL.NS
[2025-06-30 11:06:06]  187 root - INFO - Loaded model for CDSL.NS
[2025-06-30 11:06:06]  187 root - INFO - Loaded model for CIPLA.NS
[2025-06-30 11:06:06]  187 root - INFO - Loaded model for CPSEETF.NS
[2025-06-30 11:06:06]  187 root - INFO - Loaded model for DRREDDY.NS
[2025-06-30 11:06:06]  187 root - INFO - Loaded model for EXIDEIND.NS
[2025-06-30 11:06:06]  187 root - INFO - Loaded model for GOLDBEES.NS
[2025-06-30 11:06:06]  187 root - INFO - Loaded model for HAL.NS
[2025-06-30 11:06:06]  187 root - INFO - Loaded model for HDFCSML250.NS
[2025-06-30 11:06:07]  187 root - INFO - Loaded model for HINDZINC.NS
[2025-06-30 11:06:07]  187 root - INFO - Loaded model for IDEA.NS
[2025-06-30 11:06:07]  187 root - INFO - Loaded model for IRFC.NS
[2025-06-30 11:06:07]  187 root - INFO - Loaded model for ITBEES.NS
[2025-06-30 11:06:07]  187 root - INFO - Loaded model for JIOFIN.NS
[2025-06-30 11:06:07]  187 root - INFO - Loaded model for JMFINANCIL.NS
[2025-06-30 11:06:07]  187 root - INFO - Loaded model for JUNIORBEES.NS
[2025-06-30 11:06:07]  187 root - INFO - Loaded model for KAYNES.NS
[2025-06-30 11:06:07]  187 root - INFO - Loaded model for KOLTEPATIL.NS
[2025-06-30 11:06:07]  187 root - INFO - Loaded model for KOTAKBANK.NS
[2025-06-30 11:06:07]  187 root - INFO - Loaded model for KPITTECH.NS
[2025-06-30 11:06:07]  187 root - INFO - Loaded model for LAURUSLABS.NS
[2025-06-30 11:06:07]  187 root - INFO - Loaded model for MAHKTECH.NS
[2025-06-30 11:06:08]  187 root - INFO - Loaded model for MASPTOP50.NS
[2025-06-30 11:06:08]  187 root - INFO - Loaded model for MID150BEES.NS
[2025-06-30 11:06:08]  187 root - INFO - Loaded model for MODEFENCE.NS
[2025-06-30 11:06:08]  187 root - INFO - Loaded model for MON100.NS
[2025-06-30 11:06:08]  187 root - INFO - Loaded model for MOTILALOFS.NS
[2025-06-30 11:06:08]  187 root - INFO - Loaded model for NIFTYBEES.NS
[2025-06-30 11:06:08]  187 root - INFO - Loaded model for NMDC.NS
[2025-06-30 11:06:08]  187 root - INFO - Loaded model for PAYTM.NS
[2025-06-30 11:06:08]  187 root - INFO - Loaded model for PGEL.NS
[2025-06-30 11:06:08]  187 root - INFO - Loaded model for PHARMABEES.NS
[2025-06-30 11:06:08]  187 root - INFO - Loaded model for PRAJIND.NS
[2025-06-30 11:06:08]  187 root - INFO - Loaded model for PSUBNKIETF.NS
[2025-06-30 11:06:08]  187 root - INFO - Loaded model for RELIANCE.NS
[2025-06-30 11:06:08]  187 root - INFO - Loaded model for SAIL.NS
[2025-06-30 11:06:09]  187 root - INFO - Loaded model for SKIPPER.NS
[2025-06-30 11:06:09]  187 root - INFO - Loaded model for SUZLON.NS
[2025-06-30 11:06:09]  187 root - INFO - Loaded model for TATAMOTORS.NS
[2025-06-30 11:06:09]  187 root - INFO - Loaded model for UTINEXT50.NS
[2025-06-30 11:06:09]  187 root - INFO - Loaded model for VEDL.NS
[2025-06-30 11:06:09]  187 root - INFO - Loaded model for YESBANK.NS
[2025-06-30 11:06:09]  187 root - INFO - Loaded model for ZYDUSLIFE.NS
